<?xml version="1.0" encoding="UTF-8"?>
<coverage generated="1701399686455" clover="3.2.0">
  <project timestamp="1701399686455" name="All files">
    <metrics statements="410" coveredstatements="387" conditionals="87" coveredconditionals="78" methods="15" coveredmethods="13" elements="512" coveredelements="478" complexity="0" loc="410" ncloc="410" packages="1" files="4" classes="4"/>
    <file name="index.ts" path="/Users/idea456/Documents/something/src/parser/index.ts">
      <metrics statements="2" coveredstatements="2" conditionals="0" coveredconditionals="0" methods="0" coveredmethods="0"/>
      <line num="1" count="1" type="stmt"/>
      <line num="2" count="1" type="stmt"/>
    </file>
    <file name="state.ts" path="/Users/idea456/Documents/something/src/parser/state.ts">
      <metrics statements="15" coveredstatements="15" conditionals="1" coveredconditionals="1" methods="0" coveredmethods="0"/>
      <line num="1" count="1" type="cond" truecount="1" falsecount="0"/>
      <line num="2" count="1" type="stmt"/>
      <line num="3" count="1" type="stmt"/>
      <line num="4" count="1" type="stmt"/>
      <line num="5" count="1" type="stmt"/>
      <line num="6" count="1" type="stmt"/>
      <line num="7" count="1" type="stmt"/>
      <line num="8" count="1" type="stmt"/>
      <line num="9" count="1" type="stmt"/>
      <line num="10" count="1" type="stmt"/>
      <line num="11" count="1" type="stmt"/>
      <line num="12" count="1" type="stmt"/>
      <line num="13" count="1" type="stmt"/>
      <line num="14" count="1" type="stmt"/>
      <line num="15" count="1" type="stmt"/>
    </file>
    <file name="token.ts" path="/Users/idea456/Documents/something/src/parser/token.ts">
      <metrics statements="56" coveredstatements="56" conditionals="5" coveredconditionals="5" methods="4" coveredmethods="4"/>
      <line num="1" count="1" type="cond" truecount="1" falsecount="0"/>
      <line num="2" count="1" type="stmt"/>
      <line num="3" count="1" type="stmt"/>
      <line num="4" count="1" type="stmt"/>
      <line num="5" count="1" type="stmt"/>
      <line num="6" count="1" type="stmt"/>
      <line num="7" count="1" type="stmt"/>
      <line num="8" count="1" type="stmt"/>
      <line num="9" count="1" type="stmt"/>
      <line num="10" count="1" type="stmt"/>
      <line num="11" count="1" type="stmt"/>
      <line num="12" count="1" type="stmt"/>
      <line num="13" count="1" type="stmt"/>
      <line num="14" count="1" type="stmt"/>
      <line num="15" count="1" type="stmt"/>
      <line num="16" count="1" type="stmt"/>
      <line num="17" count="1" type="stmt"/>
      <line num="18" count="1" type="stmt"/>
      <line num="19" count="1" type="stmt"/>
      <line num="20" count="1" type="stmt"/>
      <line num="21" count="1" type="stmt"/>
      <line num="22" count="1" type="stmt"/>
      <line num="23" count="1" type="stmt"/>
      <line num="24" count="1" type="stmt"/>
      <line num="25" count="1" type="stmt"/>
      <line num="26" count="1" type="stmt"/>
      <line num="27" count="1" type="stmt"/>
      <line num="28" count="1" type="cond" truecount="1" falsecount="0"/>
      <line num="29" count="24" type="stmt"/>
      <line num="30" count="24" type="stmt"/>
      <line num="31" count="24" type="stmt"/>
      <line num="32" count="24" type="stmt"/>
      <line num="33" count="24" type="stmt"/>
      <line num="34" count="24" type="stmt"/>
      <line num="35" count="24" type="stmt"/>
      <line num="36" count="24" type="stmt"/>
      <line num="37" count="1" type="stmt"/>
      <line num="38" count="1" type="stmt"/>
      <line num="39" count="1" type="stmt"/>
      <line num="40" count="1" type="stmt"/>
      <line num="41" count="1" type="stmt"/>
      <line num="42" count="1" type="cond" truecount="1" falsecount="0"/>
      <line num="43" count="1" type="stmt"/>
      <line num="44" count="1" type="stmt"/>
      <line num="45" count="1" type="cond" truecount="1" falsecount="0"/>
      <line num="46" count="6" type="stmt"/>
      <line num="47" count="6" type="stmt"/>
      <line num="48" count="6" type="stmt"/>
      <line num="49" count="1" type="stmt"/>
      <line num="50" count="1" type="stmt"/>
      <line num="51" count="1" type="stmt"/>
      <line num="52" count="1" type="stmt"/>
      <line num="53" count="1" type="stmt"/>
      <line num="54" count="1" type="stmt"/>
      <line num="55" count="1" type="cond" truecount="1" falsecount="0"/>
      <line num="56" count="1" type="stmt"/>
    </file>
    <file name="tokenizer.ts" path="/Users/idea456/Documents/something/src/parser/tokenizer.ts">
      <metrics statements="337" coveredstatements="314" conditionals="81" coveredconditionals="72" methods="11" coveredmethods="9"/>
      <line num="1" count="1" type="stmt"/>
      <line num="2" count="1" type="stmt"/>
      <line num="3" count="1" type="stmt"/>
      <line num="4" count="1" type="stmt"/>
      <line num="5" count="1" type="stmt"/>
      <line num="6" count="1" type="stmt"/>
      <line num="7" count="1" type="stmt"/>
      <line num="8" count="1" type="stmt"/>
      <line num="9" count="1" type="stmt"/>
      <line num="10" count="1" type="stmt"/>
      <line num="11" count="1" type="stmt"/>
      <line num="12" count="1" type="stmt"/>
      <line num="13" count="1" type="stmt"/>
      <line num="14" count="1" type="stmt"/>
      <line num="15" count="1" type="stmt"/>
      <line num="16" count="1" type="stmt"/>
      <line num="17" count="1" type="stmt"/>
      <line num="18" count="1" type="stmt"/>
      <line num="19" count="1" type="stmt"/>
      <line num="20" count="1" type="stmt"/>
      <line num="21" count="1" type="stmt"/>
      <line num="22" count="1" type="stmt"/>
      <line num="23" count="1" type="stmt"/>
      <line num="24" count="1" type="stmt"/>
      <line num="25" count="1" type="cond" truecount="1" falsecount="0"/>
      <line num="26" count="6" type="stmt"/>
      <line num="27" count="6" type="stmt"/>
      <line num="28" count="6" type="stmt"/>
      <line num="29" count="6" type="stmt"/>
      <line num="30" count="6" type="stmt"/>
      <line num="31" count="6" type="stmt"/>
      <line num="32" count="6" type="stmt"/>
      <line num="33" count="1" type="stmt"/>
      <line num="34" count="1" type="cond" truecount="1" falsecount="0"/>
      <line num="35" count="504" type="stmt"/>
      <line num="36" count="504" type="cond" truecount="2" falsecount="0"/>
      <line num="37" count="486" type="cond" truecount="2" falsecount="0"/>
      <line num="38" count="48" type="cond" truecount="2" falsecount="0"/>
      <line num="39" count="36" type="stmt"/>
      <line num="40" count="504" type="stmt"/>
      <line num="41" count="504" type="stmt"/>
      <line num="42" count="1" type="stmt"/>
      <line num="43" count="1" type="cond" truecount="1" falsecount="0"/>
      <line num="44" count="336" type="stmt"/>
      <line num="45" count="336" type="stmt"/>
      <line num="46" count="1" type="stmt"/>
      <line num="47" count="1" type="cond" truecount="1" falsecount="0"/>
      <line num="48" count="1536" type="stmt"/>
      <line num="49" count="1536" type="stmt"/>
      <line num="50" count="1" type="stmt"/>
      <line num="51" count="1" type="stmt"/>
      <line num="52" count="0" type="stmt"/>
      <line num="53" count="0" type="stmt"/>
      <line num="54" count="0" type="stmt"/>
      <line num="55" count="0" type="stmt"/>
      <line num="56" count="1" type="stmt"/>
      <line num="57" count="1" type="cond" truecount="1" falsecount="0"/>
      <line num="58" count="1494" type="stmt"/>
      <line num="59" count="1494" type="stmt"/>
      <line num="60" count="1494" type="cond" truecount="1" falsecount="0"/>
      <line num="61" count="42" type="stmt"/>
      <line num="62" count="42" type="stmt"/>
      <line num="63" count="42" type="cond" truecount="1" falsecount="0"/>
      <line num="64" count="1452" type="stmt"/>
      <line num="65" count="1452" type="stmt"/>
      <line num="66" count="1452" type="stmt"/>
      <line num="67" count="1494" type="stmt"/>
      <line num="68" count="1" type="stmt"/>
      <line num="69" count="1" type="stmt"/>
      <line num="70" count="0" type="stmt"/>
      <line num="71" count="0" type="stmt"/>
      <line num="72" count="0" type="stmt"/>
      <line num="73" count="0" type="stmt"/>
      <line num="74" count="0" type="stmt"/>
      <line num="75" count="0" type="stmt"/>
      <line num="76" count="1" type="stmt"/>
      <line num="77" count="1" type="cond" truecount="1" falsecount="0"/>
      <line num="78" count="1488" type="stmt"/>
      <line num="79" count="1488" type="stmt"/>
      <line num="80" count="1488" type="stmt"/>
      <line num="81" count="1" type="stmt"/>
      <line num="82" count="1" type="cond" truecount="1" falsecount="0"/>
      <line num="83" count="150" type="stmt"/>
      <line num="84" count="150" type="stmt"/>
      <line num="85" count="150" type="stmt"/>
      <line num="86" count="150" type="cond" truecount="1" falsecount="0"/>
      <line num="87" count="24" type="stmt"/>
      <line num="88" count="150" type="cond" truecount="2" falsecount="0"/>
      <line num="89" count="18" type="stmt"/>
      <line num="90" count="18" type="stmt"/>
      <line num="91" count="18" type="stmt"/>
      <line num="92" count="150" type="stmt"/>
      <line num="93" count="150" type="stmt"/>
      <line num="94" count="150" type="stmt"/>
      <line num="95" count="1" type="stmt"/>
      <line num="96" count="1" type="cond" truecount="1" falsecount="0"/>
      <line num="97" count="18" type="stmt"/>
      <line num="98" count="18" type="stmt"/>
      <line num="99" count="18" type="stmt"/>
      <line num="100" count="18" type="stmt"/>
      <line num="101" count="18" type="cond" truecount="1" falsecount="0"/>
      <line num="102" count="6" type="stmt"/>
      <line num="103" count="6" type="stmt"/>
      <line num="104" count="6" type="stmt"/>
      <line num="105" count="18" type="stmt"/>
      <line num="106" count="18" type="stmt"/>
      <line num="107" count="18" type="stmt"/>
      <line num="108" count="18" type="stmt"/>
      <line num="109" count="1" type="stmt"/>
      <line num="110" count="1" type="cond" truecount="1" falsecount="0"/>
      <line num="111" count="1494" type="stmt"/>
      <line num="112" count="1494" type="stmt"/>
      <line num="113" count="1494" type="stmt"/>
      <line num="114" count="1494" type="cond" truecount="1" falsecount="0"/>
      <line num="115" count="504" type="stmt"/>
      <line num="116" count="504" type="cond" truecount="1" falsecount="0"/>
      <line num="117" count="42" type="stmt"/>
      <line num="118" count="504" type="cond" truecount="2" falsecount="0"/>
      <line num="119" count="6" type="stmt"/>
      <line num="120" count="6" type="stmt"/>
      <line num="121" count="6" type="stmt"/>
      <line num="122" count="462" type="cond" truecount="1" falsecount="0"/>
      <line num="123" count="456" type="stmt"/>
      <line num="124" count="456" type="cond" truecount="1" falsecount="0"/>
      <line num="125" count="318" type="cond" truecount="1" falsecount="0"/>
      <line num="126" count="318" type="cond" truecount="1" falsecount="0"/>
      <line num="127" count="450" type="stmt"/>
      <line num="128" count="456" type="cond" truecount="1" falsecount="0"/>
      <line num="129" count="102" type="stmt"/>
      <line num="130" count="102" type="stmt"/>
      <line num="131" count="102" type="stmt"/>
      <line num="132" count="456" type="stmt"/>
      <line num="133" count="456" type="cond" truecount="1" falsecount="0"/>
      <line num="134" count="498" type="stmt"/>
      <line num="135" count="1494" type="cond" truecount="1" falsecount="0"/>
      <line num="136" count="42" type="stmt"/>
      <line num="137" count="42" type="cond" truecount="1" falsecount="0"/>
      <line num="138" count="18" type="stmt"/>
      <line num="139" count="42" type="cond" truecount="1" falsecount="0"/>
      <line num="140" count="24" type="stmt"/>
      <line num="141" count="24" type="stmt"/>
      <line num="142" count="24" type="stmt"/>
      <line num="143" count="24" type="stmt"/>
      <line num="144" count="24" type="stmt"/>
      <line num="145" count="24" type="stmt"/>
      <line num="146" count="24" type="stmt"/>
      <line num="147" count="24" type="stmt"/>
      <line num="148" count="24" type="stmt"/>
      <line num="149" count="42" type="stmt"/>
      <line num="150" count="1494" type="cond" truecount="1" falsecount="0"/>
      <line num="151" count="18" type="stmt"/>
      <line num="152" count="18" type="stmt"/>
      <line num="153" count="18" type="stmt"/>
      <line num="154" count="18" type="stmt"/>
      <line num="155" count="18" type="stmt"/>
      <line num="156" count="18" type="stmt"/>
      <line num="157" count="1494" type="stmt"/>
      <line num="158" count="1494" type="cond" truecount="1" falsecount="0"/>
      <line num="159" count="234" type="stmt"/>
      <line num="160" count="234" type="cond" truecount="1" falsecount="0"/>
      <line num="161" count="18" type="stmt"/>
      <line num="162" count="18" type="stmt"/>
      <line num="163" count="234" type="cond" truecount="1" falsecount="1"/>
      <line num="164" count="0" type="stmt"/>
      <line num="165" count="216" type="cond" truecount="1" falsecount="0"/>
      <line num="166" count="24" type="stmt"/>
      <line num="167" count="24" type="stmt"/>
      <line num="168" count="216" type="cond" truecount="1" falsecount="0"/>
      <line num="169" count="192" type="stmt"/>
      <line num="170" count="192" type="stmt"/>
      <line num="171" count="192" type="stmt"/>
      <line num="172" count="192" type="stmt"/>
      <line num="173" count="234" type="stmt"/>
      <line num="174" count="1494" type="cond" truecount="1" falsecount="0"/>
      <line num="175" count="6" type="stmt"/>
      <line num="176" count="6" type="stmt"/>
      <line num="177" count="6" type="stmt"/>
      <line num="178" count="6" type="stmt"/>
      <line num="179" count="6" type="stmt"/>
      <line num="180" count="6" type="stmt"/>
      <line num="181" count="6" type="stmt"/>
      <line num="182" count="1494" type="cond" truecount="1" falsecount="0"/>
      <line num="183" count="60" type="stmt"/>
      <line num="184" count="60" type="stmt"/>
      <line num="185" count="60" type="stmt"/>
      <line num="186" count="60" type="stmt"/>
      <line num="187" count="60" type="cond" truecount="2" falsecount="0"/>
      <line num="188" count="42" type="cond" truecount="0" falsecount="1"/>
      <line num="189" count="0" type="stmt"/>
      <line num="190" count="42" type="cond" truecount="1" falsecount="0"/>
      <line num="191" count="6" type="stmt"/>
      <line num="192" count="6" type="stmt"/>
      <line num="193" count="6" type="stmt"/>
      <line num="194" count="60" type="stmt"/>
      <line num="195" count="60" type="stmt"/>
      <line num="196" count="60" type="stmt"/>
      <line num="197" count="60" type="stmt"/>
      <line num="198" count="60" type="stmt"/>
      <line num="199" count="60" type="stmt"/>
      <line num="200" count="60" type="stmt"/>
      <line num="201" count="60" type="stmt"/>
      <line num="202" count="60" type="stmt"/>
      <line num="203" count="60" type="stmt"/>
      <line num="204" count="1494" type="stmt"/>
      <line num="205" count="1494" type="cond" truecount="1" falsecount="0"/>
      <line num="206" count="204" type="stmt"/>
      <line num="207" count="204" type="stmt"/>
      <line num="208" count="204" type="cond" truecount="1" falsecount="0"/>
      <line num="209" count="198" type="cond" truecount="1" falsecount="0"/>
      <line num="210" count="192" type="stmt"/>
      <line num="211" count="192" type="stmt"/>
      <line num="212" count="204" type="cond" truecount="1" falsecount="0"/>
      <line num="213" count="12" type="stmt"/>
      <line num="214" count="12" type="stmt"/>
      <line num="215" count="204" type="cond" truecount="2" falsecount="0"/>
      <line num="216" count="24" type="stmt"/>
      <line num="217" count="192" type="cond" truecount="2" falsecount="0"/>
      <line num="218" count="144" type="stmt"/>
      <line num="219" count="144" type="stmt"/>
      <line num="220" count="144" type="stmt"/>
      <line num="221" count="144" type="stmt"/>
      <line num="222" count="204" type="stmt"/>
      <line num="223" count="1494" type="cond" truecount="1" falsecount="0"/>
      <line num="224" count="18" type="stmt"/>
      <line num="225" count="18" type="cond" truecount="1" falsecount="0"/>
      <line num="226" count="18" type="stmt"/>
      <line num="227" count="18" type="stmt"/>
      <line num="228" count="18" type="cond" truecount="1" falsecount="0"/>
      <line num="229" count="6" type="stmt"/>
      <line num="230" count="6" type="stmt"/>
      <line num="231" count="6" type="stmt"/>
      <line num="232" count="18" type="cond" truecount="2" falsecount="0"/>
      <line num="233" count="6" type="stmt"/>
      <line num="234" count="6" type="stmt"/>
      <line num="235" count="6" type="stmt"/>
      <line num="236" count="6" type="stmt"/>
      <line num="237" count="6" type="stmt"/>
      <line num="238" count="6" type="stmt"/>
      <line num="239" count="18" type="stmt"/>
      <line num="240" count="1494" type="cond" truecount="1" falsecount="0"/>
      <line num="241" count="24" type="stmt"/>
      <line num="242" count="24" type="cond" truecount="0" falsecount="1"/>
      <line num="243" count="0" type="stmt"/>
      <line num="244" count="0" type="stmt"/>
      <line num="245" count="24" type="cond" truecount="2" falsecount="0"/>
      <line num="246" count="12" type="stmt"/>
      <line num="247" count="12" type="stmt"/>
      <line num="248" count="12" type="stmt"/>
      <line num="249" count="12" type="stmt"/>
      <line num="250" count="12" type="stmt"/>
      <line num="251" count="12" type="stmt"/>
      <line num="252" count="24" type="stmt"/>
      <line num="253" count="24" type="stmt"/>
      <line num="254" count="24" type="stmt"/>
      <line num="255" count="1494" type="cond" truecount="1" falsecount="0"/>
      <line num="256" count="102" type="stmt"/>
      <line num="257" count="102" type="cond" truecount="1" falsecount="0"/>
      <line num="258" count="90" type="cond" truecount="1" falsecount="0"/>
      <line num="259" count="12" type="stmt"/>
      <line num="260" count="12" type="stmt"/>
      <line num="261" count="90" type="stmt"/>
      <line num="262" count="90" type="stmt"/>
      <line num="263" count="102" type="cond" truecount="1" falsecount="1"/>
      <line num="264" count="12" type="stmt"/>
      <line num="265" count="12" type="stmt"/>
      <line num="266" count="102" type="stmt"/>
      <line num="267" count="1494" type="cond" truecount="1" falsecount="0"/>
      <line num="268" count="12" type="stmt"/>
      <line num="269" count="12" type="cond" truecount="0" falsecount="1"/>
      <line num="270" count="0" type="stmt"/>
      <line num="271" count="0" type="stmt"/>
      <line num="272" count="0" type="stmt"/>
      <line num="273" count="0" type="stmt"/>
      <line num="274" count="0" type="stmt"/>
      <line num="275" count="12" type="cond" truecount="0" falsecount="1"/>
      <line num="276" count="0" type="stmt"/>
      <line num="277" count="12" type="stmt"/>
      <line num="278" count="12" type="stmt"/>
      <line num="279" count="12" type="stmt"/>
      <line num="280" count="12" type="stmt"/>
      <line num="281" count="12" type="stmt"/>
      <line num="282" count="12" type="stmt"/>
      <line num="283" count="12" type="stmt"/>
      <line num="284" count="12" type="stmt"/>
      <line num="285" count="12" type="stmt"/>
      <line num="286" count="12" type="stmt"/>
      <line num="287" count="12" type="stmt"/>
      <line num="288" count="12" type="stmt"/>
      <line num="289" count="12" type="stmt"/>
      <line num="290" count="12" type="stmt"/>
      <line num="291" count="12" type="stmt"/>
      <line num="292" count="1494" type="stmt"/>
      <line num="293" count="1494" type="cond" truecount="1" falsecount="0"/>
      <line num="294" count="258" type="stmt"/>
      <line num="295" count="258" type="cond" truecount="1" falsecount="0"/>
      <line num="296" count="12" type="stmt"/>
      <line num="297" count="258" type="cond" truecount="1" falsecount="1"/>
      <line num="298" count="0" type="stmt"/>
      <line num="299" count="246" type="stmt"/>
      <line num="300" count="246" type="cond" truecount="1" falsecount="0"/>
      <line num="301" count="12" type="stmt"/>
      <line num="302" count="12" type="stmt"/>
      <line num="303" count="246" type="stmt"/>
      <line num="304" count="246" type="stmt"/>
      <line num="305" count="246" type="stmt"/>
      <line num="306" count="258" type="stmt"/>
      <line num="307" count="1494" type="cond" truecount="1" falsecount="0"/>
      <line num="308" count="12" type="stmt"/>
      <line num="309" count="12" type="cond" truecount="1" falsecount="0"/>
      <line num="310" count="6" type="stmt"/>
      <line num="311" count="6" type="stmt"/>
      <line num="312" count="6" type="stmt"/>
      <line num="313" count="6" type="stmt"/>
      <line num="314" count="6" type="stmt"/>
      <line num="315" count="6" type="stmt"/>
      <line num="316" count="6" type="cond" truecount="0" falsecount="1"/>
      <line num="317" count="0" type="stmt"/>
      <line num="318" count="6" type="stmt"/>
      <line num="319" count="6" type="stmt"/>
      <line num="320" count="6" type="stmt"/>
      <line num="321" count="6" type="stmt"/>
      <line num="322" count="6" type="stmt"/>
      <line num="323" count="6" type="stmt"/>
      <line num="324" count="6" type="stmt"/>
      <line num="325" count="6" type="stmt"/>
      <line num="326" count="6" type="stmt"/>
      <line num="327" count="6" type="stmt"/>
      <line num="328" count="6" type="stmt"/>
      <line num="329" count="6" type="stmt"/>
      <line num="330" count="6" type="stmt"/>
      <line num="331" count="6" type="stmt"/>
      <line num="332" count="6" type="stmt"/>
      <line num="333" count="12" type="cond" truecount="0" falsecount="1"/>
      <line num="334" count="0" type="stmt"/>
      <line num="335" count="1494" type="stmt"/>
      <line num="336" count="1494" type="stmt"/>
      <line num="337" count="1" type="stmt"/>
    </file>
  </project>
</coverage>
