{"/Users/idea456/Documents/something/src/parser/index.ts": {"path":"/Users/idea456/Documents/something/src/parser/index.ts","all":false,"statementMap":{"0":{"start":{"line":1,"column":0},"end":{"line":1,"column":28}},"1":{"start":{"line":2,"column":0},"end":{"line":2,"column":24}},"2":{"start":{"line":3,"column":0},"end":{"line":3,"column":25}}},"s":{"0":1,"1":1,"2":1},"branchMap":{},"b":{},"fnMap":{},"f":{}}
,"/Users/idea456/Documents/something/src/parser/nodes.ts": {"path":"/Users/idea456/Documents/something/src/parser/nodes.ts","all":false,"statementMap":{"0":{"start":{"line":1,"column":0},"end":{"line":1,"column":36}},"1":{"start":{"line":2,"column":0},"end":{"line":2,"column":0}},"2":{"start":{"line":3,"column":0},"end":{"line":3,"column":25}},"3":{"start":{"line":4,"column":0},"end":{"line":4,"column":17}},"4":{"start":{"line":5,"column":0},"end":{"line":5,"column":2}},"5":{"start":{"line":6,"column":0},"end":{"line":6,"column":0}},"6":{"start":{"line":7,"column":0},"end":{"line":7,"column":22}},"7":{"start":{"line":8,"column":0},"end":{"line":8,"column":16}},"8":{"start":{"line":9,"column":0},"end":{"line":9,"column":18}},"9":{"start":{"line":10,"column":0},"end":{"line":10,"column":1}},"10":{"start":{"line":11,"column":0},"end":{"line":11,"column":0}},"11":{"start":{"line":12,"column":0},"end":{"line":12,"column":23}},"12":{"start":{"line":13,"column":0},"end":{"line":13,"column":17}},"13":{"start":{"line":14,"column":0},"end":{"line":14,"column":19}},"14":{"start":{"line":15,"column":0},"end":{"line":15,"column":34}},"15":{"start":{"line":16,"column":0},"end":{"line":16,"column":28}},"16":{"start":{"line":17,"column":0},"end":{"line":17,"column":1}},"17":{"start":{"line":18,"column":0},"end":{"line":18,"column":0}},"18":{"start":{"line":19,"column":0},"end":{"line":19,"column":27}},"19":{"start":{"line":20,"column":0},"end":{"line":20,"column":24}},"20":{"start":{"line":21,"column":0},"end":{"line":21,"column":18}},"21":{"start":{"line":22,"column":0},"end":{"line":22,"column":1}}},"s":{"0":1,"1":1,"2":1,"3":1,"4":1,"5":1,"6":1,"7":1,"8":1,"9":1,"10":1,"11":1,"12":1,"13":1,"14":1,"15":1,"16":1,"17":1,"18":1,"19":1,"20":1,"21":1},"branchMap":{"0":{"type":"branch","line":7,"loc":{"start":{"line":7,"column":7},"end":{"line":7,"column":22}},"locations":[{"start":{"line":7,"column":7},"end":{"line":7,"column":22}}]}},"b":{"0":[2]},"fnMap":{},"f":{}}
,"/Users/idea456/Documents/something/src/parser/parser.ts": {"path":"/Users/idea456/Documents/something/src/parser/parser.ts","all":false,"statementMap":{"0":{"start":{"line":1,"column":0},"end":{"line":1,"column":58}},"1":{"start":{"line":2,"column":0},"end":{"line":2,"column":40}},"2":{"start":{"line":3,"column":0},"end":{"line":3,"column":51}},"3":{"start":{"line":4,"column":0},"end":{"line":4,"column":24}},"4":{"start":{"line":5,"column":0},"end":{"line":5,"column":0}},"5":{"start":{"line":6,"column":0},"end":{"line":6,"column":23}},"6":{"start":{"line":7,"column":0},"end":{"line":7,"column":18}},"7":{"start":{"line":8,"column":0},"end":{"line":8,"column":32}},"8":{"start":{"line":9,"column":0},"end":{"line":9,"column":18}},"9":{"start":{"line":10,"column":0},"end":{"line":10,"column":38}},"10":{"start":{"line":11,"column":0},"end":{"line":11,"column":1}},"11":{"start":{"line":12,"column":0},"end":{"line":12,"column":0}},"12":{"start":{"line":13,"column":0},"end":{"line":13,"column":21}},"13":{"start":{"line":14,"column":0},"end":{"line":14,"column":15}},"14":{"start":{"line":15,"column":0},"end":{"line":15,"column":20}},"15":{"start":{"line":16,"column":0},"end":{"line":16,"column":25}},"16":{"start":{"line":17,"column":0},"end":{"line":17,"column":18}},"17":{"start":{"line":18,"column":0},"end":{"line":18,"column":23}},"18":{"start":{"line":19,"column":0},"end":{"line":19,"column":34}},"19":{"start":{"line":20,"column":0},"end":{"line":20,"column":0}},"20":{"start":{"line":21,"column":0},"end":{"line":21,"column":31}},"21":{"start":{"line":22,"column":0},"end":{"line":22,"column":45}},"22":{"start":{"line":23,"column":0},"end":{"line":23,"column":35}},"23":{"start":{"line":24,"column":0},"end":{"line":24,"column":24}},"24":{"start":{"line":25,"column":0},"end":{"line":25,"column":33}},"25":{"start":{"line":26,"column":0},"end":{"line":26,"column":31}},"26":{"start":{"line":27,"column":0},"end":{"line":27,"column":5}},"27":{"start":{"line":28,"column":0},"end":{"line":28,"column":0}},"28":{"start":{"line":29,"column":0},"end":{"line":29,"column":24}},"29":{"start":{"line":30,"column":0},"end":{"line":30,"column":72}},"30":{"start":{"line":31,"column":0},"end":{"line":31,"column":5}},"31":{"start":{"line":32,"column":0},"end":{"line":32,"column":0}},"32":{"start":{"line":33,"column":0},"end":{"line":33,"column":18}},"33":{"start":{"line":34,"column":0},"end":{"line":34,"column":34}},"34":{"start":{"line":35,"column":0},"end":{"line":35,"column":55}},"35":{"start":{"line":36,"column":0},"end":{"line":36,"column":11}},"36":{"start":{"line":37,"column":0},"end":{"line":37,"column":5}},"37":{"start":{"line":38,"column":0},"end":{"line":38,"column":0}},"38":{"start":{"line":39,"column":0},"end":{"line":39,"column":33}},"39":{"start":{"line":40,"column":0},"end":{"line":40,"column":57}},"40":{"start":{"line":41,"column":0},"end":{"line":41,"column":25}},"41":{"start":{"line":42,"column":0},"end":{"line":42,"column":5}},"42":{"start":{"line":43,"column":0},"end":{"line":43,"column":0}},"43":{"start":{"line":44,"column":0},"end":{"line":44,"column":19}},"44":{"start":{"line":45,"column":0},"end":{"line":45,"column":53}},"45":{"start":{"line":46,"column":0},"end":{"line":46,"column":40}},"46":{"start":{"line":47,"column":0},"end":{"line":47,"column":24}},"47":{"start":{"line":48,"column":0},"end":{"line":48,"column":51}},"48":{"start":{"line":49,"column":0},"end":{"line":49,"column":59}},"49":{"start":{"line":50,"column":0},"end":{"line":50,"column":41}},"50":{"start":{"line":51,"column":0},"end":{"line":51,"column":20}},"51":{"start":{"line":52,"column":0},"end":{"line":52,"column":0}},"52":{"start":{"line":53,"column":0},"end":{"line":53,"column":51}},"53":{"start":{"line":54,"column":0},"end":{"line":54,"column":56}},"54":{"start":{"line":55,"column":0},"end":{"line":55,"column":24}},"55":{"start":{"line":56,"column":0},"end":{"line":56,"column":40}},"56":{"start":{"line":57,"column":0},"end":{"line":57,"column":17}},"57":{"start":{"line":58,"column":0},"end":{"line":58,"column":13}},"58":{"start":{"line":59,"column":0},"end":{"line":59,"column":11}},"59":{"start":{"line":60,"column":0},"end":{"line":60,"column":29}},"60":{"start":{"line":61,"column":0},"end":{"line":61,"column":26}},"61":{"start":{"line":62,"column":0},"end":{"line":62,"column":47}},"62":{"start":{"line":63,"column":0},"end":{"line":63,"column":20}},"63":{"start":{"line":64,"column":0},"end":{"line":64,"column":74}},"64":{"start":{"line":65,"column":0},"end":{"line":65,"column":10}},"65":{"start":{"line":66,"column":0},"end":{"line":66,"column":5}},"66":{"start":{"line":67,"column":0},"end":{"line":67,"column":0}},"67":{"start":{"line":68,"column":0},"end":{"line":68,"column":27}},"68":{"start":{"line":69,"column":0},"end":{"line":69,"column":28}},"69":{"start":{"line":70,"column":0},"end":{"line":70,"column":32}},"70":{"start":{"line":71,"column":0},"end":{"line":71,"column":56}},"71":{"start":{"line":72,"column":0},"end":{"line":72,"column":65}},"72":{"start":{"line":73,"column":0},"end":{"line":73,"column":53}},"73":{"start":{"line":74,"column":0},"end":{"line":74,"column":61}},"74":{"start":{"line":75,"column":0},"end":{"line":75,"column":41}},"75":{"start":{"line":76,"column":0},"end":{"line":76,"column":53}},"76":{"start":{"line":77,"column":0},"end":{"line":77,"column":47}},"77":{"start":{"line":78,"column":0},"end":{"line":78,"column":65}},"78":{"start":{"line":79,"column":0},"end":{"line":79,"column":41}},"79":{"start":{"line":80,"column":0},"end":{"line":80,"column":27}},"80":{"start":{"line":81,"column":0},"end":{"line":81,"column":53}},"81":{"start":{"line":82,"column":0},"end":{"line":82,"column":63}},"82":{"start":{"line":83,"column":0},"end":{"line":83,"column":21}},"83":{"start":{"line":84,"column":0},"end":{"line":84,"column":17}},"84":{"start":{"line":85,"column":0},"end":{"line":85,"column":22}},"85":{"start":{"line":86,"column":0},"end":{"line":86,"column":39}},"86":{"start":{"line":87,"column":0},"end":{"line":87,"column":57}},"87":{"start":{"line":88,"column":0},"end":{"line":88,"column":43}},"88":{"start":{"line":89,"column":0},"end":{"line":89,"column":45}},"89":{"start":{"line":90,"column":0},"end":{"line":90,"column":38}},"90":{"start":{"line":91,"column":0},"end":{"line":91,"column":48}},"91":{"start":{"line":92,"column":0},"end":{"line":92,"column":26}},"92":{"start":{"line":93,"column":0},"end":{"line":93,"column":61}},"93":{"start":{"line":94,"column":0},"end":{"line":94,"column":63}},"94":{"start":{"line":95,"column":0},"end":{"line":95,"column":65}},"95":{"start":{"line":96,"column":0},"end":{"line":96,"column":44}},"96":{"start":{"line":97,"column":0},"end":{"line":97,"column":76}},"97":{"start":{"line":98,"column":0},"end":{"line":98,"column":49}},"98":{"start":{"line":99,"column":0},"end":{"line":99,"column":21}},"99":{"start":{"line":100,"column":0},"end":{"line":100,"column":40}},"100":{"start":{"line":101,"column":0},"end":{"line":101,"column":49}},"101":{"start":{"line":102,"column":0},"end":{"line":102,"column":43}},"102":{"start":{"line":103,"column":0},"end":{"line":103,"column":37}},"103":{"start":{"line":104,"column":0},"end":{"line":104,"column":61}},"104":{"start":{"line":105,"column":0},"end":{"line":105,"column":22}},"105":{"start":{"line":106,"column":0},"end":{"line":106,"column":0}},"106":{"start":{"line":107,"column":0},"end":{"line":107,"column":53}},"107":{"start":{"line":108,"column":0},"end":{"line":108,"column":63}},"108":{"start":{"line":109,"column":0},"end":{"line":109,"column":28}},"109":{"start":{"line":110,"column":0},"end":{"line":110,"column":46}},"110":{"start":{"line":111,"column":0},"end":{"line":111,"column":21}},"111":{"start":{"line":112,"column":0},"end":{"line":112,"column":61}},"112":{"start":{"line":113,"column":0},"end":{"line":113,"column":65}},"113":{"start":{"line":114,"column":0},"end":{"line":114,"column":77}},"114":{"start":{"line":115,"column":0},"end":{"line":115,"column":21}},"115":{"start":{"line":116,"column":0},"end":{"line":116,"column":44}},"116":{"start":{"line":117,"column":0},"end":{"line":117,"column":76}},"117":{"start":{"line":118,"column":0},"end":{"line":118,"column":49}},"118":{"start":{"line":119,"column":0},"end":{"line":119,"column":21}},"119":{"start":{"line":120,"column":0},"end":{"line":120,"column":0}},"120":{"start":{"line":121,"column":0},"end":{"line":121,"column":50}},"121":{"start":{"line":122,"column":0},"end":{"line":122,"column":50}},"122":{"start":{"line":123,"column":0},"end":{"line":123,"column":62}},"123":{"start":{"line":124,"column":0},"end":{"line":124,"column":17}},"124":{"start":{"line":125,"column":0},"end":{"line":125,"column":22}},"125":{"start":{"line":126,"column":0},"end":{"line":126,"column":9}},"126":{"start":{"line":127,"column":0},"end":{"line":127,"column":5}},"127":{"start":{"line":128,"column":0},"end":{"line":128,"column":1}}},"s":{"0":1,"1":1,"2":1,"3":1,"4":1,"5":1,"6":1,"7":1,"8":1,"9":1,"10":1,"11":1,"12":1,"13":2,"14":2,"15":2,"16":2,"17":2,"18":2,"19":2,"20":2,"21":2,"22":2,"23":2,"24":2,"25":2,"26":2,"27":2,"28":2,"29":22,"30":22,"31":2,"32":2,"33":2,"34":2,"35":2,"36":2,"37":2,"38":2,"39":2,"40":2,"41":2,"42":2,"43":2,"44":2,"45":64,"46":64,"47":62,"48":62,"49":62,"50":62,"51":62,"52":62,"53":2,"54":62,"55":60,"56":60,"57":62,"58":2,"59":2,"60":2,"61":2,"62":2,"63":2,"64":2,"65":2,"66":2,"67":2,"68":60,"69":60,"70":2,"71":2,"72":2,"73":2,"74":2,"75":2,"76":2,"77":2,"78":2,"79":2,"80":2,"81":2,"82":2,"83":2,"84":2,"85":60,"86":58,"87":47,"88":47,"89":3,"90":3,"91":3,"92":47,"93":58,"94":5,"95":5,"96":1,"97":1,"98":1,"99":5,"100":5,"101":5,"102":5,"103":5,"104":5,"105":5,"106":5,"107":1,"108":5,"109":4,"110":4,"111":11,"112":6,"113":0,"114":0,"115":6,"116":2,"117":2,"118":2,"119":6,"120":6,"121":6,"122":6,"123":6,"124":58,"125":60,"126":60,"127":2},"branchMap":{"0":{"type":"branch","line":6,"loc":{"start":{"line":6,"column":7},"end":{"line":6,"column":23}},"locations":[{"start":{"line":6,"column":7},"end":{"line":6,"column":23}}]},"1":{"type":"branch","line":13,"loc":{"start":{"line":13,"column":7},"end":{"line":128,"column":1}},"locations":[{"start":{"line":13,"column":7},"end":{"line":128,"column":1}}]},"2":{"type":"branch","line":21,"loc":{"start":{"line":21,"column":4},"end":{"line":27,"column":5}},"locations":[{"start":{"line":21,"column":4},"end":{"line":27,"column":5}}]},"3":{"type":"branch","line":29,"loc":{"start":{"line":29,"column":4},"end":{"line":31,"column":5}},"locations":[{"start":{"line":29,"column":4},"end":{"line":31,"column":5}}]},"4":{"type":"branch","line":30,"loc":{"start":{"line":30,"column":31},"end":{"line":30,"column":72}},"locations":[{"start":{"line":30,"column":31},"end":{"line":30,"column":72}}]},"5":{"type":"branch","line":33,"loc":{"start":{"line":33,"column":4},"end":{"line":37,"column":5}},"locations":[{"start":{"line":33,"column":4},"end":{"line":37,"column":5}}]},"6":{"type":"branch","line":34,"loc":{"start":{"line":34,"column":20},"end":{"line":36,"column":9}},"locations":[{"start":{"line":34,"column":20},"end":{"line":36,"column":9}}]},"7":{"type":"branch","line":39,"loc":{"start":{"line":39,"column":4},"end":{"line":42,"column":5}},"locations":[{"start":{"line":39,"column":4},"end":{"line":42,"column":5}}]},"8":{"type":"branch","line":44,"loc":{"start":{"line":44,"column":4},"end":{"line":66,"column":5}},"locations":[{"start":{"line":44,"column":4},"end":{"line":66,"column":5}}]},"9":{"type":"branch","line":45,"loc":{"start":{"line":45,"column":42},"end":{"line":59,"column":9}},"locations":[{"start":{"line":45,"column":42},"end":{"line":59,"column":9}}]},"10":{"type":"branch","line":47,"loc":{"start":{"line":47,"column":23},"end":{"line":58,"column":13}},"locations":[{"start":{"line":47,"column":23},"end":{"line":58,"column":13}}]},"11":{"type":"branch","line":53,"loc":{"start":{"line":53,"column":50},"end":{"line":55,"column":23}},"locations":[{"start":{"line":53,"column":50},"end":{"line":55,"column":23}}]},"12":{"type":"branch","line":55,"loc":{"start":{"line":55,"column":16},"end":{"line":57,"column":17}},"locations":[{"start":{"line":55,"column":16},"end":{"line":57,"column":17}}]},"13":{"type":"branch","line":68,"loc":{"start":{"line":68,"column":4},"end":{"line":127,"column":5}},"locations":[{"start":{"line":68,"column":4},"end":{"line":127,"column":5}}]},"14":{"type":"branch","line":70,"loc":{"start":{"line":70,"column":12},"end":{"line":85,"column":22}},"locations":[{"start":{"line":70,"column":12},"end":{"line":85,"column":22}}]},"15":{"type":"branch","line":86,"loc":{"start":{"line":86,"column":12},"end":{"line":125,"column":22}},"locations":[{"start":{"line":86,"column":12},"end":{"line":125,"column":22}}]},"16":{"type":"branch","line":87,"loc":{"start":{"line":87,"column":56},"end":{"line":94,"column":27}},"locations":[{"start":{"line":87,"column":56},"end":{"line":94,"column":27}}]},"17":{"type":"branch","line":89,"loc":{"start":{"line":89,"column":24},"end":{"line":92,"column":26}},"locations":[{"start":{"line":89,"column":24},"end":{"line":92,"column":26}}]},"18":{"type":"branch","line":94,"loc":{"start":{"line":94,"column":16},"end":{"line":124,"column":17}},"locations":[{"start":{"line":94,"column":16},"end":{"line":124,"column":17}}]},"19":{"type":"branch","line":94,"loc":{"start":{"line":94,"column":62},"end":{"line":112,"column":27}},"locations":[{"start":{"line":94,"column":62},"end":{"line":112,"column":27}}]},"20":{"type":"branch","line":96,"loc":{"start":{"line":96,"column":43},"end":{"line":99,"column":21}},"locations":[{"start":{"line":96,"column":43},"end":{"line":99,"column":21}}]},"21":{"type":"branch","line":107,"loc":{"start":{"line":107,"column":52},"end":{"line":109,"column":27}},"locations":[{"start":{"line":107,"column":52},"end":{"line":109,"column":27}}]},"22":{"type":"branch","line":109,"loc":{"start":{"line":109,"column":20},"end":{"line":111,"column":21}},"locations":[{"start":{"line":109,"column":20},"end":{"line":111,"column":21}}]},"23":{"type":"branch","line":112,"loc":{"start":{"line":112,"column":16},"end":{"line":124,"column":17}},"locations":[{"start":{"line":112,"column":16},"end":{"line":124,"column":17}}]},"24":{"type":"branch","line":113,"loc":{"start":{"line":113,"column":64},"end":{"line":115,"column":21}},"locations":[{"start":{"line":113,"column":64},"end":{"line":115,"column":21}}]},"25":{"type":"branch","line":116,"loc":{"start":{"line":116,"column":43},"end":{"line":119,"column":21}},"locations":[{"start":{"line":116,"column":43},"end":{"line":119,"column":21}}]},"26":{"type":"branch","line":123,"loc":{"start":{"line":123,"column":24},"end":{"line":123,"column":62}},"locations":[{"start":{"line":123,"column":24},"end":{"line":123,"column":62}}]}},"b":{"0":[2],"1":[2],"2":[2],"3":[22],"4":[20],"5":[2],"6":[2],"7":[2],"8":[2],"9":[64],"10":[62],"11":[2],"12":[60],"13":[60],"14":[2],"15":[58],"16":[47],"17":[3],"18":[11],"19":[5],"20":[1],"21":[1],"22":[4],"23":[6],"24":[0],"25":[2],"26":[4]},"fnMap":{"0":{"name":"<instance_members_initializer>","decl":{"start":{"line":13,"column":7},"end":{"line":128,"column":1}},"loc":{"start":{"line":13,"column":7},"end":{"line":128,"column":1}},"line":13},"1":{"name":"Parser","decl":{"start":{"line":21,"column":4},"end":{"line":27,"column":5}},"loc":{"start":{"line":21,"column":4},"end":{"line":27,"column":5}},"line":21},"2":{"name":"get current_node","decl":{"start":{"line":29,"column":4},"end":{"line":31,"column":5}},"loc":{"start":{"line":29,"column":4},"end":{"line":31,"column":5}},"line":29},"3":{"name":"wait","decl":{"start":{"line":33,"column":4},"end":{"line":37,"column":5}},"loc":{"start":{"line":33,"column":4},"end":{"line":37,"column":5}},"line":33},"4":{"name":"switchMode","decl":{"start":{"line":39,"column":4},"end":{"line":42,"column":5}},"loc":{"start":{"line":39,"column":4},"end":{"line":42,"column":5}},"line":39},"5":{"name":"parse","decl":{"start":{"line":44,"column":4},"end":{"line":66,"column":5}},"loc":{"start":{"line":44,"column":4},"end":{"line":66,"column":5}},"line":44},"6":{"name":"process","decl":{"start":{"line":68,"column":4},"end":{"line":127,"column":5}},"loc":{"start":{"line":68,"column":4},"end":{"line":127,"column":5}},"line":68}},"f":{"0":2,"1":2,"2":22,"3":2,"4":2,"5":2,"6":60}}
,"/Users/idea456/Documents/something/src/parser/state.ts": {"path":"/Users/idea456/Documents/something/src/parser/state.ts","all":false,"statementMap":{"0":{"start":{"line":1,"column":0},"end":{"line":1,"column":19}},"1":{"start":{"line":2,"column":0},"end":{"line":2,"column":18}},"2":{"start":{"line":3,"column":0},"end":{"line":3,"column":24}},"3":{"start":{"line":4,"column":0},"end":{"line":4,"column":30}},"4":{"start":{"line":5,"column":0},"end":{"line":5,"column":24}},"5":{"start":{"line":6,"column":0},"end":{"line":6,"column":48}},"6":{"start":{"line":7,"column":0},"end":{"line":7,"column":48}},"7":{"start":{"line":8,"column":0},"end":{"line":8,"column":36}},"8":{"start":{"line":9,"column":0},"end":{"line":9,"column":46}},"9":{"start":{"line":10,"column":0},"end":{"line":10,"column":50}},"10":{"start":{"line":11,"column":0},"end":{"line":11,"column":50}},"11":{"start":{"line":12,"column":0},"end":{"line":12,"column":58}},"12":{"start":{"line":13,"column":0},"end":{"line":13,"column":60}},"13":{"start":{"line":14,"column":0},"end":{"line":14,"column":68}},"14":{"start":{"line":15,"column":0},"end":{"line":15,"column":16}},"15":{"start":{"line":16,"column":0},"end":{"line":16,"column":1}}},"s":{"0":1,"1":1,"2":1,"3":1,"4":1,"5":1,"6":1,"7":1,"8":1,"9":1,"10":1,"11":1,"12":1,"13":1,"14":1,"15":1},"branchMap":{"0":{"type":"branch","line":1,"loc":{"start":{"line":1,"column":7},"end":{"line":1,"column":19}},"locations":[{"start":{"line":1,"column":7},"end":{"line":1,"column":19}}]}},"b":{"0":[2]},"fnMap":{},"f":{}}
,"/Users/idea456/Documents/something/src/parser/token.ts": {"path":"/Users/idea456/Documents/something/src/parser/token.ts","all":false,"statementMap":{"0":{"start":{"line":1,"column":0},"end":{"line":1,"column":23}},"1":{"start":{"line":2,"column":0},"end":{"line":2,"column":26}},"2":{"start":{"line":3,"column":0},"end":{"line":3,"column":22}},"3":{"start":{"line":4,"column":0},"end":{"line":4,"column":24}},"4":{"start":{"line":5,"column":0},"end":{"line":5,"column":28}},"5":{"start":{"line":6,"column":0},"end":{"line":6,"column":16}},"6":{"start":{"line":7,"column":0},"end":{"line":7,"column":1}},"7":{"start":{"line":8,"column":0},"end":{"line":8,"column":0}},"8":{"start":{"line":9,"column":0},"end":{"line":9,"column":24}},"9":{"start":{"line":10,"column":0},"end":{"line":10,"column":17}},"10":{"start":{"line":11,"column":0},"end":{"line":11,"column":20}},"11":{"start":{"line":12,"column":0},"end":{"line":12,"column":21}},"12":{"start":{"line":13,"column":0},"end":{"line":13,"column":1}},"13":{"start":{"line":14,"column":0},"end":{"line":14,"column":0}},"14":{"start":{"line":15,"column":0},"end":{"line":15,"column":25}},"15":{"start":{"line":16,"column":0},"end":{"line":16,"column":17}},"16":{"start":{"line":17,"column":0},"end":{"line":17,"column":19}},"17":{"start":{"line":18,"column":0},"end":{"line":18,"column":27}},"18":{"start":{"line":19,"column":0},"end":{"line":19,"column":29}},"19":{"start":{"line":20,"column":0},"end":{"line":20,"column":2}},"20":{"start":{"line":21,"column":0},"end":{"line":21,"column":0}},"21":{"start":{"line":22,"column":0},"end":{"line":22,"column":32}},"22":{"start":{"line":23,"column":0},"end":{"line":23,"column":0}},"23":{"start":{"line":24,"column":0},"end":{"line":24,"column":32}},"24":{"start":{"line":25,"column":0},"end":{"line":25,"column":45}},"25":{"start":{"line":26,"column":0},"end":{"line":26,"column":133}},"26":{"start":{"line":27,"column":0},"end":{"line":27,"column":16}},"27":{"start":{"line":28,"column":0},"end":{"line":28,"column":28}},"28":{"start":{"line":29,"column":0},"end":{"line":29,"column":59}},"29":{"start":{"line":30,"column":0},"end":{"line":30,"column":37}},"30":{"start":{"line":31,"column":0},"end":{"line":31,"column":39}},"31":{"start":{"line":32,"column":0},"end":{"line":32,"column":8}},"32":{"start":{"line":33,"column":0},"end":{"line":33,"column":1}},"33":{"start":{"line":34,"column":0},"end":{"line":34,"column":0}},"34":{"start":{"line":35,"column":0},"end":{"line":35,"column":43}},"35":{"start":{"line":36,"column":0},"end":{"line":36,"column":28}},"36":{"start":{"line":37,"column":0},"end":{"line":37,"column":0}},"37":{"start":{"line":38,"column":0},"end":{"line":38,"column":39}},"38":{"start":{"line":39,"column":0},"end":{"line":39,"column":1}},"39":{"start":{"line":40,"column":0},"end":{"line":40,"column":0}},"40":{"start":{"line":41,"column":0},"end":{"line":41,"column":40}},"41":{"start":{"line":42,"column":0},"end":{"line":42,"column":17}},"42":{"start":{"line":43,"column":0},"end":{"line":43,"column":25}},"43":{"start":{"line":44,"column":0},"end":{"line":44,"column":18}},"44":{"start":{"line":45,"column":0},"end":{"line":45,"column":1}},"45":{"start":{"line":46,"column":0},"end":{"line":46,"column":0}},"46":{"start":{"line":47,"column":0},"end":{"line":47,"column":46}},"47":{"start":{"line":48,"column":0},"end":{"line":48,"column":23}},"48":{"start":{"line":49,"column":0},"end":{"line":49,"column":31}},"49":{"start":{"line":50,"column":0},"end":{"line":50,"column":0}},"50":{"start":{"line":51,"column":0},"end":{"line":51,"column":42}},"51":{"start":{"line":52,"column":0},"end":{"line":52,"column":1}}},"s":{"0":1,"1":1,"2":1,"3":1,"4":1,"5":1,"6":1,"7":1,"8":1,"9":1,"10":1,"11":1,"12":1,"13":1,"14":1,"15":1,"16":1,"17":1,"18":1,"19":1,"20":1,"21":1,"22":1,"23":1,"24":1,"25":1,"26":1,"27":27,"28":27,"29":27,"30":27,"31":27,"32":1,"33":1,"34":1,"35":21,"36":21,"37":21,"38":21,"39":1,"40":1,"41":7,"42":7,"43":7,"44":7,"45":1,"46":1,"47":132,"48":132,"49":132,"50":132,"51":132},"branchMap":{"0":{"type":"branch","line":1,"loc":{"start":{"line":1,"column":7},"end":{"line":1,"column":23}},"locations":[{"start":{"line":1,"column":7},"end":{"line":1,"column":23}}]},"1":{"type":"branch","line":27,"loc":{"start":{"line":27,"column":4},"end":{"line":32,"column":8}},"locations":[{"start":{"line":27,"column":4},"end":{"line":32,"column":8}}]},"2":{"type":"branch","line":35,"loc":{"start":{"line":35,"column":7},"end":{"line":39,"column":1}},"locations":[{"start":{"line":35,"column":7},"end":{"line":39,"column":1}}]},"3":{"type":"branch","line":38,"loc":{"start":{"line":38,"column":4},"end":{"line":38,"column":39}},"locations":[{"start":{"line":38,"column":4},"end":{"line":38,"column":39}}]},"4":{"type":"branch","line":41,"loc":{"start":{"line":41,"column":7},"end":{"line":45,"column":1}},"locations":[{"start":{"line":41,"column":7},"end":{"line":45,"column":1}}]},"5":{"type":"branch","line":47,"loc":{"start":{"line":47,"column":7},"end":{"line":52,"column":1}},"locations":[{"start":{"line":47,"column":7},"end":{"line":52,"column":1}}]},"6":{"type":"branch","line":51,"loc":{"start":{"line":51,"column":4},"end":{"line":51,"column":42}},"locations":[{"start":{"line":51,"column":4},"end":{"line":51,"column":42}}]}},"b":{"0":[2],"1":[27],"2":[21],"3":[21],"4":[7],"5":[132],"6":[132]},"fnMap":{"0":{"name":"StartTagToken","decl":{"start":{"line":27,"column":4},"end":{"line":32,"column":8}},"loc":{"start":{"line":27,"column":4},"end":{"line":32,"column":8}},"line":27},"1":{"name":"<instance_members_initializer>","decl":{"start":{"line":35,"column":7},"end":{"line":39,"column":1}},"loc":{"start":{"line":35,"column":7},"end":{"line":39,"column":1}},"line":35},"2":{"name":"EndTagToken","decl":{"start":{"line":38,"column":4},"end":{"line":38,"column":39}},"loc":{"start":{"line":38,"column":4},"end":{"line":38,"column":39}},"line":38},"3":{"name":"<instance_members_initializer>","decl":{"start":{"line":41,"column":7},"end":{"line":45,"column":1}},"loc":{"start":{"line":41,"column":7},"end":{"line":45,"column":1}},"line":41},"4":{"name":"<instance_members_initializer>","decl":{"start":{"line":47,"column":7},"end":{"line":52,"column":1}},"loc":{"start":{"line":47,"column":7},"end":{"line":52,"column":1}},"line":47},"5":{"name":"CharacterToken","decl":{"start":{"line":51,"column":4},"end":{"line":51,"column":42}},"loc":{"start":{"line":51,"column":4},"end":{"line":51,"column":42}},"line":51}},"f":{"0":27,"1":21,"2":21,"3":7,"4":132,"5":132}}
,"/Users/idea456/Documents/something/src/parser/tokenizer.ts": {"path":"/Users/idea456/Documents/something/src/parser/tokenizer.ts","all":false,"statementMap":{"0":{"start":{"line":1,"column":0},"end":{"line":1,"column":46}},"1":{"start":{"line":2,"column":0},"end":{"line":2,"column":30}},"2":{"start":{"line":3,"column":0},"end":{"line":3,"column":32}},"3":{"start":{"line":4,"column":0},"end":{"line":4,"column":8}},"4":{"start":{"line":5,"column":0},"end":{"line":5,"column":14}},"5":{"start":{"line":6,"column":0},"end":{"line":6,"column":19}},"6":{"start":{"line":7,"column":0},"end":{"line":7,"column":13}},"7":{"start":{"line":8,"column":0},"end":{"line":8,"column":16}},"8":{"start":{"line":9,"column":0},"end":{"line":9,"column":15}},"9":{"start":{"line":10,"column":0},"end":{"line":10,"column":18}},"10":{"start":{"line":11,"column":0},"end":{"line":11,"column":10}},"11":{"start":{"line":12,"column":0},"end":{"line":12,"column":14}},"12":{"start":{"line":13,"column":0},"end":{"line":13,"column":17}},"13":{"start":{"line":14,"column":0},"end":{"line":14,"column":0}},"14":{"start":{"line":15,"column":0},"end":{"line":15,"column":16}},"15":{"start":{"line":16,"column":0},"end":{"line":16,"column":0}},"16":{"start":{"line":17,"column":0},"end":{"line":17,"column":50}},"17":{"start":{"line":18,"column":0},"end":{"line":18,"column":14}},"18":{"start":{"line":19,"column":0},"end":{"line":19,"column":0}},"19":{"start":{"line":20,"column":0},"end":{"line":20,"column":12}},"20":{"start":{"line":21,"column":0},"end":{"line":21,"column":25}},"21":{"start":{"line":22,"column":0},"end":{"line":22,"column":5}},"22":{"start":{"line":23,"column":0},"end":{"line":23,"column":0}},"23":{"start":{"line":24,"column":0},"end":{"line":24,"column":15}},"24":{"start":{"line":25,"column":0},"end":{"line":25,"column":41}},"25":{"start":{"line":26,"column":0},"end":{"line":26,"column":36}},"26":{"start":{"line":27,"column":0},"end":{"line":27,"column":11}},"27":{"start":{"line":28,"column":0},"end":{"line":28,"column":5}},"28":{"start":{"line":29,"column":0},"end":{"line":29,"column":1}},"29":{"start":{"line":30,"column":0},"end":{"line":30,"column":0}},"30":{"start":{"line":31,"column":0},"end":{"line":31,"column":24}},"31":{"start":{"line":32,"column":0},"end":{"line":32,"column":17}},"32":{"start":{"line":33,"column":0},"end":{"line":33,"column":20}},"33":{"start":{"line":34,"column":0},"end":{"line":34,"column":17}},"34":{"start":{"line":35,"column":0},"end":{"line":35,"column":19}},"35":{"start":{"line":36,"column":0},"end":{"line":36,"column":20}},"36":{"start":{"line":37,"column":0},"end":{"line":37,"column":39}},"37":{"start":{"line":38,"column":0},"end":{"line":38,"column":47}},"38":{"start":{"line":39,"column":0},"end":{"line":39,"column":53}},"39":{"start":{"line":40,"column":0},"end":{"line":40,"column":30}},"40":{"start":{"line":41,"column":0},"end":{"line":41,"column":28}},"41":{"start":{"line":42,"column":0},"end":{"line":42,"column":26}},"42":{"start":{"line":43,"column":0},"end":{"line":43,"column":0}},"43":{"start":{"line":44,"column":0},"end":{"line":44,"column":31}},"44":{"start":{"line":45,"column":0},"end":{"line":45,"column":31}},"45":{"start":{"line":46,"column":0},"end":{"line":46,"column":25}},"46":{"start":{"line":47,"column":0},"end":{"line":47,"column":32}},"47":{"start":{"line":48,"column":0},"end":{"line":48,"column":25}},"48":{"start":{"line":49,"column":0},"end":{"line":49,"column":37}},"49":{"start":{"line":50,"column":0},"end":{"line":50,"column":24}},"50":{"start":{"line":51,"column":0},"end":{"line":51,"column":42}},"51":{"start":{"line":52,"column":0},"end":{"line":52,"column":5}},"52":{"start":{"line":53,"column":0},"end":{"line":53,"column":0}},"53":{"start":{"line":54,"column":0},"end":{"line":54,"column":37}},"54":{"start":{"line":55,"column":0},"end":{"line":55,"column":16}},"55":{"start":{"line":56,"column":0},"end":{"line":56,"column":37}},"56":{"start":{"line":57,"column":0},"end":{"line":57,"column":37}},"57":{"start":{"line":58,"column":0},"end":{"line":58,"column":37}},"58":{"start":{"line":59,"column":0},"end":{"line":59,"column":34}},"59":{"start":{"line":60,"column":0},"end":{"line":60,"column":10}},"60":{"start":{"line":61,"column":0},"end":{"line":61,"column":5}},"61":{"start":{"line":62,"column":0},"end":{"line":62,"column":0}},"62":{"start":{"line":63,"column":0},"end":{"line":63,"column":37}},"63":{"start":{"line":64,"column":0},"end":{"line":64,"column":51}},"64":{"start":{"line":65,"column":0},"end":{"line":65,"column":5}},"65":{"start":{"line":66,"column":0},"end":{"line":66,"column":0}},"66":{"start":{"line":67,"column":0},"end":{"line":67,"column":20}},"67":{"start":{"line":68,"column":0},"end":{"line":68,"column":39}},"68":{"start":{"line":69,"column":0},"end":{"line":69,"column":5}},"69":{"start":{"line":70,"column":0},"end":{"line":70,"column":0}},"70":{"start":{"line":71,"column":0},"end":{"line":71,"column":20}},"71":{"start":{"line":72,"column":0},"end":{"line":72,"column":36}},"72":{"start":{"line":73,"column":0},"end":{"line":73,"column":26}},"73":{"start":{"line":74,"column":0},"end":{"line":74,"column":25}},"74":{"start":{"line":75,"column":0},"end":{"line":75,"column":5}},"75":{"start":{"line":76,"column":0},"end":{"line":76,"column":0}},"76":{"start":{"line":77,"column":0},"end":{"line":77,"column":23}},"77":{"start":{"line":78,"column":0},"end":{"line":78,"column":119}},"78":{"start":{"line":79,"column":0},"end":{"line":79,"column":121}},"79":{"start":{"line":80,"column":0},"end":{"line":80,"column":36}},"80":{"start":{"line":81,"column":0},"end":{"line":81,"column":42}},"81":{"start":{"line":82,"column":0},"end":{"line":82,"column":31}},"82":{"start":{"line":83,"column":0},"end":{"line":83,"column":9}},"83":{"start":{"line":84,"column":0},"end":{"line":84,"column":30}},"84":{"start":{"line":85,"column":0},"end":{"line":85,"column":26}},"85":{"start":{"line":86,"column":0},"end":{"line":86,"column":39}},"86":{"start":{"line":87,"column":0},"end":{"line":87,"column":5}},"87":{"start":{"line":88,"column":0},"end":{"line":88,"column":0}},"88":{"start":{"line":89,"column":0},"end":{"line":89,"column":36}},"89":{"start":{"line":90,"column":0},"end":{"line":90,"column":74}},"90":{"start":{"line":91,"column":0},"end":{"line":91,"column":74}},"91":{"start":{"line":92,"column":0},"end":{"line":92,"column":71}},"92":{"start":{"line":93,"column":0},"end":{"line":93,"column":9}},"93":{"start":{"line":94,"column":0},"end":{"line":94,"column":20}},"94":{"start":{"line":95,"column":0},"end":{"line":95,"column":5}},"95":{"start":{"line":96,"column":0},"end":{"line":96,"column":0}},"96":{"start":{"line":97,"column":0},"end":{"line":97,"column":34}},"97":{"start":{"line":98,"column":0},"end":{"line":98,"column":27}},"98":{"start":{"line":99,"column":0},"end":{"line":99,"column":19}},"99":{"start":{"line":100,"column":0},"end":{"line":100,"column":5}},"100":{"start":{"line":101,"column":0},"end":{"line":101,"column":0}},"101":{"start":{"line":102,"column":0},"end":{"line":102,"column":25}},"102":{"start":{"line":103,"column":0},"end":{"line":103,"column":57}},"103":{"start":{"line":104,"column":0},"end":{"line":104,"column":73}},"104":{"start":{"line":105,"column":0},"end":{"line":105,"column":54}},"105":{"start":{"line":106,"column":0},"end":{"line":106,"column":33}},"106":{"start":{"line":107,"column":0},"end":{"line":107,"column":49}},"107":{"start":{"line":108,"column":0},"end":{"line":108,"column":65}},"108":{"start":{"line":109,"column":0},"end":{"line":109,"column":52}},"109":{"start":{"line":110,"column":0},"end":{"line":110,"column":70}},"110":{"start":{"line":111,"column":0},"end":{"line":111,"column":57}},"111":{"start":{"line":112,"column":0},"end":{"line":112,"column":33}},"112":{"start":{"line":113,"column":0},"end":{"line":113,"column":13}},"113":{"start":{"line":114,"column":0},"end":{"line":114,"column":9}},"114":{"start":{"line":115,"column":0},"end":{"line":115,"column":34}},"115":{"start":{"line":116,"column":0},"end":{"line":116,"column":5}},"116":{"start":{"line":117,"column":0},"end":{"line":117,"column":0}},"117":{"start":{"line":118,"column":0},"end":{"line":118,"column":29}},"118":{"start":{"line":119,"column":0},"end":{"line":119,"column":12}},"119":{"start":{"line":120,"column":0},"end":{"line":120,"column":58}},"120":{"start":{"line":121,"column":0},"end":{"line":121,"column":34}},"121":{"start":{"line":122,"column":0},"end":{"line":122,"column":11}},"122":{"start":{"line":123,"column":0},"end":{"line":123,"column":37}},"123":{"start":{"line":124,"column":0},"end":{"line":124,"column":66}},"124":{"start":{"line":125,"column":0},"end":{"line":125,"column":42}},"125":{"start":{"line":126,"column":0},"end":{"line":126,"column":13}},"126":{"start":{"line":127,"column":0},"end":{"line":127,"column":71}},"127":{"start":{"line":128,"column":0},"end":{"line":128,"column":42}},"128":{"start":{"line":129,"column":0},"end":{"line":129,"column":9}},"129":{"start":{"line":130,"column":0},"end":{"line":130,"column":5}},"130":{"start":{"line":131,"column":0},"end":{"line":131,"column":0}},"131":{"start":{"line":132,"column":0},"end":{"line":132,"column":17}},"132":{"start":{"line":133,"column":0},"end":{"line":133,"column":25}},"133":{"start":{"line":134,"column":0},"end":{"line":134,"column":52}},"134":{"start":{"line":135,"column":0},"end":{"line":135,"column":29}},"135":{"start":{"line":136,"column":0},"end":{"line":136,"column":28}},"136":{"start":{"line":137,"column":0},"end":{"line":137,"column":46}},"137":{"start":{"line":138,"column":0},"end":{"line":138,"column":43}},"138":{"start":{"line":139,"column":0},"end":{"line":139,"column":47}},"139":{"start":{"line":140,"column":0},"end":{"line":140,"column":50}},"140":{"start":{"line":141,"column":0},"end":{"line":141,"column":56}},"141":{"start":{"line":142,"column":0},"end":{"line":142,"column":37}},"142":{"start":{"line":143,"column":0},"end":{"line":143,"column":43}},"143":{"start":{"line":144,"column":0},"end":{"line":144,"column":24}},"144":{"start":{"line":145,"column":0},"end":{"line":145,"column":24}},"145":{"start":{"line":146,"column":0},"end":{"line":146,"column":48}},"146":{"start":{"line":147,"column":0},"end":{"line":147,"column":73}},"147":{"start":{"line":148,"column":0},"end":{"line":148,"column":55}},"148":{"start":{"line":149,"column":0},"end":{"line":149,"column":65}},"149":{"start":{"line":150,"column":0},"end":{"line":150,"column":23}},"150":{"start":{"line":151,"column":0},"end":{"line":151,"column":78}},"151":{"start":{"line":152,"column":0},"end":{"line":152,"column":41}},"152":{"start":{"line":153,"column":0},"end":{"line":153,"column":21}},"153":{"start":{"line":154,"column":0},"end":{"line":154,"column":44}},"154":{"start":{"line":155,"column":0},"end":{"line":155,"column":17}},"155":{"start":{"line":156,"column":0},"end":{"line":156,"column":22}},"156":{"start":{"line":157,"column":0},"end":{"line":157,"column":31}},"157":{"start":{"line":158,"column":0},"end":{"line":158,"column":46}},"158":{"start":{"line":159,"column":0},"end":{"line":159,"column":43}},"159":{"start":{"line":160,"column":0},"end":{"line":160,"column":50}},"160":{"start":{"line":161,"column":0},"end":{"line":161,"column":61}},"161":{"start":{"line":162,"column":0},"end":{"line":162,"column":59}},"162":{"start":{"line":163,"column":0},"end":{"line":163,"column":37}},"163":{"start":{"line":164,"column":0},"end":{"line":164,"column":43}},"164":{"start":{"line":165,"column":0},"end":{"line":165,"column":30}},"165":{"start":{"line":166,"column":0},"end":{"line":166,"column":27}},"166":{"start":{"line":167,"column":0},"end":{"line":167,"column":22}},"167":{"start":{"line":168,"column":0},"end":{"line":168,"column":52}},"168":{"start":{"line":169,"column":0},"end":{"line":169,"column":47}},"169":{"start":{"line":170,"column":0},"end":{"line":170,"column":17}},"170":{"start":{"line":171,"column":0},"end":{"line":171,"column":22}},"171":{"start":{"line":172,"column":0},"end":{"line":172,"column":34}},"172":{"start":{"line":173,"column":0},"end":{"line":173,"column":46}},"173":{"start":{"line":174,"column":0},"end":{"line":174,"column":54}},"174":{"start":{"line":175,"column":0},"end":{"line":175,"column":71}},"175":{"start":{"line":176,"column":0},"end":{"line":176,"column":47}},"176":{"start":{"line":177,"column":0},"end":{"line":177,"column":17}},"177":{"start":{"line":178,"column":0},"end":{"line":178,"column":22}},"178":{"start":{"line":179,"column":0},"end":{"line":179,"column":0}},"179":{"start":{"line":180,"column":0},"end":{"line":180,"column":31}},"180":{"start":{"line":181,"column":0},"end":{"line":181,"column":46}},"181":{"start":{"line":182,"column":0},"end":{"line":182,"column":54}},"182":{"start":{"line":183,"column":0},"end":{"line":183,"column":52}},"183":{"start":{"line":184,"column":0},"end":{"line":184,"column":59}},"184":{"start":{"line":185,"column":0},"end":{"line":185,"column":50}},"185":{"start":{"line":186,"column":0},"end":{"line":186,"column":59}},"186":{"start":{"line":187,"column":0},"end":{"line":187,"column":50}},"187":{"start":{"line":188,"column":0},"end":{"line":188,"column":37}},"188":{"start":{"line":189,"column":0},"end":{"line":189,"column":44}},"189":{"start":{"line":190,"column":0},"end":{"line":190,"column":61}},"190":{"start":{"line":191,"column":0},"end":{"line":191,"column":43}},"191":{"start":{"line":192,"column":0},"end":{"line":192,"column":64}},"192":{"start":{"line":193,"column":0},"end":{"line":193,"column":47}},"193":{"start":{"line":194,"column":0},"end":{"line":194,"column":17}},"194":{"start":{"line":195,"column":0},"end":{"line":195,"column":22}},"195":{"start":{"line":196,"column":0},"end":{"line":196,"column":43}},"196":{"start":{"line":197,"column":0},"end":{"line":197,"column":46}},"197":{"start":{"line":198,"column":0},"end":{"line":198,"column":43}},"198":{"start":{"line":199,"column":0},"end":{"line":199,"column":78}},"199":{"start":{"line":200,"column":0},"end":{"line":200,"column":37}},"200":{"start":{"line":201,"column":0},"end":{"line":201,"column":44}},"201":{"start":{"line":202,"column":0},"end":{"line":202,"column":17}},"202":{"start":{"line":203,"column":0},"end":{"line":203,"column":22}},"203":{"start":{"line":204,"column":0},"end":{"line":204,"column":43}},"204":{"start":{"line":205,"column":0},"end":{"line":205,"column":46}},"205":{"start":{"line":206,"column":0},"end":{"line":206,"column":0}},"206":{"start":{"line":207,"column":0},"end":{"line":207,"column":52}},"207":{"start":{"line":208,"column":0},"end":{"line":208,"column":41}},"208":{"start":{"line":209,"column":0},"end":{"line":209,"column":59}},"209":{"start":{"line":210,"column":0},"end":{"line":210,"column":48}},"210":{"start":{"line":211,"column":0},"end":{"line":211,"column":91}},"211":{"start":{"line":212,"column":0},"end":{"line":212,"column":74}},"212":{"start":{"line":213,"column":0},"end":{"line":213,"column":49}},"213":{"start":{"line":214,"column":0},"end":{"line":214,"column":58}},"214":{"start":{"line":215,"column":0},"end":{"line":215,"column":17}},"215":{"start":{"line":216,"column":0},"end":{"line":216,"column":0}},"216":{"start":{"line":217,"column":0},"end":{"line":217,"column":42}},"217":{"start":{"line":218,"column":0},"end":{"line":218,"column":39}},"218":{"start":{"line":219,"column":0},"end":{"line":219,"column":30}},"219":{"start":{"line":220,"column":0},"end":{"line":220,"column":41}},"220":{"start":{"line":221,"column":0},"end":{"line":221,"column":43}},"221":{"start":{"line":222,"column":0},"end":{"line":222,"column":18}},"222":{"start":{"line":223,"column":0},"end":{"line":223,"column":48}},"223":{"start":{"line":224,"column":0},"end":{"line":224,"column":49}},"224":{"start":{"line":225,"column":0},"end":{"line":225,"column":22}},"225":{"start":{"line":226,"column":0},"end":{"line":226,"column":0}},"226":{"start":{"line":227,"column":0},"end":{"line":227,"column":37}},"227":{"start":{"line":228,"column":0},"end":{"line":228,"column":46}},"228":{"start":{"line":229,"column":0},"end":{"line":229,"column":20}},"229":{"start":{"line":230,"column":0},"end":{"line":230,"column":43}},"230":{"start":{"line":231,"column":0},"end":{"line":231,"column":43}},"231":{"start":{"line":232,"column":0},"end":{"line":232,"column":57}},"232":{"start":{"line":233,"column":0},"end":{"line":233,"column":40}},"233":{"start":{"line":234,"column":0},"end":{"line":234,"column":19}},"234":{"start":{"line":235,"column":0},"end":{"line":235,"column":49}},"235":{"start":{"line":236,"column":0},"end":{"line":236,"column":58}},"236":{"start":{"line":237,"column":0},"end":{"line":237,"column":50}},"237":{"start":{"line":238,"column":0},"end":{"line":238,"column":60}},"238":{"start":{"line":239,"column":0},"end":{"line":239,"column":61}},"239":{"start":{"line":240,"column":0},"end":{"line":240,"column":47}},"240":{"start":{"line":241,"column":0},"end":{"line":241,"column":68}},"241":{"start":{"line":242,"column":0},"end":{"line":242,"column":53}},"242":{"start":{"line":243,"column":0},"end":{"line":243,"column":50}},"243":{"start":{"line":244,"column":0},"end":{"line":244,"column":43}},"244":{"start":{"line":245,"column":0},"end":{"line":245,"column":17}},"245":{"start":{"line":246,"column":0},"end":{"line":246,"column":22}},"246":{"start":{"line":247,"column":0},"end":{"line":247,"column":42}},"247":{"start":{"line":248,"column":0},"end":{"line":248,"column":43}},"248":{"start":{"line":249,"column":0},"end":{"line":249,"column":66}},"249":{"start":{"line":250,"column":0},"end":{"line":250,"column":46}},"250":{"start":{"line":251,"column":0},"end":{"line":251,"column":0}},"251":{"start":{"line":252,"column":0},"end":{"line":252,"column":43}},"252":{"start":{"line":253,"column":0},"end":{"line":253,"column":41}},"253":{"start":{"line":254,"column":0},"end":{"line":254,"column":37}},"254":{"start":{"line":255,"column":0},"end":{"line":255,"column":44}},"255":{"start":{"line":256,"column":0},"end":{"line":256,"column":50}},"256":{"start":{"line":257,"column":0},"end":{"line":257,"column":59}},"257":{"start":{"line":258,"column":0},"end":{"line":258,"column":50}},"258":{"start":{"line":259,"column":0},"end":{"line":259,"column":41}},"259":{"start":{"line":260,"column":0},"end":{"line":260,"column":50}},"260":{"start":{"line":261,"column":0},"end":{"line":261,"column":59}},"261":{"start":{"line":262,"column":0},"end":{"line":262,"column":17}},"262":{"start":{"line":263,"column":0},"end":{"line":263,"column":22}},"263":{"start":{"line":264,"column":0},"end":{"line":264,"column":44}},"264":{"start":{"line":265,"column":0},"end":{"line":265,"column":46}},"265":{"start":{"line":266,"column":0},"end":{"line":266,"column":54}},"266":{"start":{"line":267,"column":0},"end":{"line":267,"column":40}},"267":{"start":{"line":268,"column":0},"end":{"line":268,"column":44}},"268":{"start":{"line":269,"column":0},"end":{"line":269,"column":74}},"269":{"start":{"line":270,"column":0},"end":{"line":270,"column":48}},"270":{"start":{"line":271,"column":0},"end":{"line":271,"column":60}},"271":{"start":{"line":272,"column":0},"end":{"line":272,"column":50}},"272":{"start":{"line":273,"column":0},"end":{"line":273,"column":45}},"273":{"start":{"line":274,"column":0},"end":{"line":274,"column":64}},"274":{"start":{"line":275,"column":0},"end":{"line":275,"column":17}},"275":{"start":{"line":276,"column":0},"end":{"line":276,"column":40}},"276":{"start":{"line":277,"column":0},"end":{"line":277,"column":44}},"277":{"start":{"line":278,"column":0},"end":{"line":278,"column":22}},"278":{"start":{"line":279,"column":0},"end":{"line":279,"column":44}},"279":{"start":{"line":280,"column":0},"end":{"line":280,"column":46}},"280":{"start":{"line":281,"column":0},"end":{"line":281,"column":54}},"281":{"start":{"line":282,"column":0},"end":{"line":282,"column":46}},"282":{"start":{"line":283,"column":0},"end":{"line":283,"column":48}},"283":{"start":{"line":284,"column":0},"end":{"line":284,"column":21}},"284":{"start":{"line":285,"column":0},"end":{"line":285,"column":55}},"285":{"start":{"line":286,"column":0},"end":{"line":286,"column":60}},"286":{"start":{"line":287,"column":0},"end":{"line":287,"column":74}},"287":{"start":{"line":288,"column":0},"end":{"line":288,"column":65}},"288":{"start":{"line":289,"column":0},"end":{"line":289,"column":17}},"289":{"start":{"line":290,"column":0},"end":{"line":290,"column":22}},"290":{"start":{"line":291,"column":0},"end":{"line":291,"column":49}},"291":{"start":{"line":292,"column":0},"end":{"line":292,"column":46}},"292":{"start":{"line":293,"column":0},"end":{"line":293,"column":43}},"293":{"start":{"line":294,"column":0},"end":{"line":294,"column":49}},"294":{"start":{"line":295,"column":0},"end":{"line":295,"column":45}},"295":{"start":{"line":296,"column":0},"end":{"line":296,"column":21}},"296":{"start":{"line":297,"column":0},"end":{"line":297,"column":37}},"297":{"start":{"line":298,"column":0},"end":{"line":298,"column":44}},"298":{"start":{"line":299,"column":0},"end":{"line":299,"column":50}},"299":{"start":{"line":300,"column":0},"end":{"line":300,"column":59}},"300":{"start":{"line":301,"column":0},"end":{"line":301,"column":61}},"301":{"start":{"line":302,"column":0},"end":{"line":302,"column":71}},"302":{"start":{"line":303,"column":0},"end":{"line":303,"column":74}},"303":{"start":{"line":304,"column":0},"end":{"line":304,"column":50}},"304":{"start":{"line":305,"column":0},"end":{"line":305,"column":47}},"305":{"start":{"line":306,"column":0},"end":{"line":306,"column":29}},"306":{"start":{"line":307,"column":0},"end":{"line":307,"column":67}},"307":{"start":{"line":308,"column":0},"end":{"line":308,"column":70}},"308":{"start":{"line":309,"column":0},"end":{"line":309,"column":54}},"309":{"start":{"line":310,"column":0},"end":{"line":310,"column":21}},"310":{"start":{"line":311,"column":0},"end":{"line":311,"column":0}},"311":{"start":{"line":312,"column":0},"end":{"line":312,"column":49}},"312":{"start":{"line":313,"column":0},"end":{"line":313,"column":59}},"313":{"start":{"line":314,"column":0},"end":{"line":314,"column":17}},"314":{"start":{"line":315,"column":0},"end":{"line":315,"column":22}},"315":{"start":{"line":316,"column":0},"end":{"line":316,"column":0}},"316":{"start":{"line":317,"column":0},"end":{"line":317,"column":48}},"317":{"start":{"line":318,"column":0},"end":{"line":318,"column":46}},"318":{"start":{"line":319,"column":0},"end":{"line":319,"column":43}},"319":{"start":{"line":320,"column":0},"end":{"line":320,"column":69}},"320":{"start":{"line":321,"column":0},"end":{"line":321,"column":52}},"321":{"start":{"line":322,"column":0},"end":{"line":322,"column":61}},"322":{"start":{"line":323,"column":0},"end":{"line":323,"column":24}},"323":{"start":{"line":324,"column":0},"end":{"line":324,"column":46}},"324":{"start":{"line":325,"column":0},"end":{"line":325,"column":48}},"325":{"start":{"line":326,"column":0},"end":{"line":326,"column":21}},"326":{"start":{"line":327,"column":0},"end":{"line":327,"column":55}},"327":{"start":{"line":328,"column":0},"end":{"line":328,"column":64}},"328":{"start":{"line":329,"column":0},"end":{"line":329,"column":17}},"329":{"start":{"line":330,"column":0},"end":{"line":330,"column":22}},"330":{"start":{"line":331,"column":0},"end":{"line":331,"column":53}},"331":{"start":{"line":332,"column":0},"end":{"line":332,"column":46}},"332":{"start":{"line":333,"column":0},"end":{"line":333,"column":43}},"333":{"start":{"line":334,"column":0},"end":{"line":334,"column":49}},"334":{"start":{"line":335,"column":0},"end":{"line":335,"column":68}},"335":{"start":{"line":336,"column":0},"end":{"line":336,"column":45}},"336":{"start":{"line":337,"column":0},"end":{"line":337,"column":21}},"337":{"start":{"line":338,"column":0},"end":{"line":338,"column":37}},"338":{"start":{"line":339,"column":0},"end":{"line":339,"column":44}},"339":{"start":{"line":340,"column":0},"end":{"line":340,"column":50}},"340":{"start":{"line":341,"column":0},"end":{"line":341,"column":59}},"341":{"start":{"line":342,"column":0},"end":{"line":342,"column":61}},"342":{"start":{"line":343,"column":0},"end":{"line":343,"column":71}},"343":{"start":{"line":344,"column":0},"end":{"line":344,"column":74}},"344":{"start":{"line":345,"column":0},"end":{"line":345,"column":68}},"345":{"start":{"line":346,"column":0},"end":{"line":346,"column":50}},"346":{"start":{"line":347,"column":0},"end":{"line":347,"column":47}},"347":{"start":{"line":348,"column":0},"end":{"line":348,"column":82}},"348":{"start":{"line":349,"column":0},"end":{"line":349,"column":29}},"349":{"start":{"line":350,"column":0},"end":{"line":350,"column":67}},"350":{"start":{"line":351,"column":0},"end":{"line":351,"column":70}},"351":{"start":{"line":352,"column":0},"end":{"line":352,"column":54}},"352":{"start":{"line":353,"column":0},"end":{"line":353,"column":21}},"353":{"start":{"line":354,"column":0},"end":{"line":354,"column":0}},"354":{"start":{"line":355,"column":0},"end":{"line":355,"column":49}},"355":{"start":{"line":356,"column":0},"end":{"line":356,"column":59}},"356":{"start":{"line":357,"column":0},"end":{"line":357,"column":17}},"357":{"start":{"line":358,"column":0},"end":{"line":358,"column":22}},"358":{"start":{"line":359,"column":0},"end":{"line":359,"column":27}},"359":{"start":{"line":360,"column":0},"end":{"line":360,"column":33}},"360":{"start":{"line":361,"column":0},"end":{"line":361,"column":23}},"361":{"start":{"line":362,"column":0},"end":{"line":362,"column":9}},"362":{"start":{"line":363,"column":0},"end":{"line":363,"column":5}},"363":{"start":{"line":364,"column":0},"end":{"line":364,"column":1}}},"s":{"0":1,"1":1,"2":1,"3":1,"4":1,"5":1,"6":1,"7":1,"8":1,"9":1,"10":1,"11":1,"12":1,"13":1,"14":1,"15":1,"16":1,"17":1,"18":1,"19":1,"20":0,"21":0,"22":1,"23":1,"24":0,"25":0,"26":0,"27":0,"28":1,"29":1,"30":1,"31":7,"32":7,"33":7,"34":7,"35":7,"36":7,"37":7,"38":7,"39":7,"40":7,"41":7,"42":7,"43":7,"44":7,"45":7,"46":7,"47":7,"48":7,"49":7,"50":7,"51":7,"52":7,"53":7,"54":542,"55":542,"56":524,"57":45,"58":31,"59":542,"60":542,"61":7,"62":7,"63":364,"64":364,"65":7,"66":7,"67":1676,"68":1676,"69":7,"70":7,"71":0,"72":0,"73":0,"74":0,"75":7,"76":7,"77":1626,"78":1626,"79":1626,"80":43,"81":43,"82":43,"83":1583,"84":1583,"85":1583,"86":1626,"87":7,"88":7,"89":0,"90":0,"91":0,"92":0,"93":0,"94":0,"95":7,"96":7,"97":1626,"98":1626,"99":1626,"100":7,"101":7,"102":194,"103":194,"104":194,"105":194,"106":187,"107":187,"108":27,"109":187,"110":21,"111":21,"112":21,"113":187,"114":194,"115":194,"116":7,"117":7,"118":18,"119":18,"120":18,"121":18,"122":18,"123":6,"124":6,"125":6,"126":18,"127":18,"128":18,"129":18,"130":7,"131":7,"132":1633,"133":1633,"134":1633,"135":1633,"136":584,"137":584,"138":48,"139":584,"140":7,"141":7,"142":7,"143":536,"144":529,"145":529,"146":364,"147":364,"148":513,"149":529,"150":132,"151":132,"152":132,"153":529,"154":529,"155":584,"156":1633,"157":48,"158":48,"159":21,"160":48,"161":27,"162":27,"163":27,"164":27,"165":27,"166":27,"167":27,"168":27,"169":27,"170":48,"171":1633,"172":21,"173":21,"174":21,"175":21,"176":21,"177":21,"178":1633,"179":1633,"180":262,"181":262,"182":18,"183":18,"184":262,"185":0,"186":244,"187":30,"188":30,"189":244,"190":214,"191":214,"192":214,"193":214,"194":262,"195":1633,"196":6,"197":6,"198":6,"199":6,"200":6,"201":6,"202":6,"203":1633,"204":60,"205":60,"206":60,"207":60,"208":60,"209":42,"210":0,"211":42,"212":1,"213":1,"214":1,"215":60,"216":60,"217":60,"218":60,"219":60,"220":60,"221":60,"222":60,"223":60,"224":60,"225":1633,"226":1633,"227":219,"228":219,"229":219,"230":213,"231":207,"232":207,"233":219,"234":17,"235":17,"236":219,"237":24,"238":202,"239":159,"240":159,"241":159,"242":178,"243":0,"244":0,"245":219,"246":1633,"247":18,"248":18,"249":18,"250":18,"251":18,"252":6,"253":6,"254":6,"255":18,"256":6,"257":6,"258":6,"259":6,"260":6,"261":6,"262":18,"263":1633,"264":24,"265":24,"266":0,"267":0,"268":24,"269":12,"270":12,"271":12,"272":12,"273":12,"274":12,"275":24,"276":24,"277":24,"278":1633,"279":102,"280":102,"281":90,"282":12,"283":12,"284":90,"285":90,"286":102,"287":12,"288":12,"289":102,"290":1633,"291":12,"292":12,"293":0,"294":0,"295":0,"296":0,"297":0,"298":12,"299":0,"300":12,"301":12,"302":12,"303":12,"304":12,"305":12,"306":12,"307":12,"308":12,"309":12,"310":12,"311":12,"312":12,"313":12,"314":12,"315":1633,"316":1633,"317":258,"318":258,"319":12,"320":258,"321":0,"322":246,"323":246,"324":12,"325":12,"326":246,"327":246,"328":246,"329":258,"330":1633,"331":12,"332":12,"333":6,"334":6,"335":6,"336":6,"337":6,"338":6,"339":6,"340":0,"341":6,"342":6,"343":6,"344":6,"345":6,"346":6,"347":6,"348":6,"349":6,"350":6,"351":6,"352":6,"353":6,"354":6,"355":6,"356":6,"357":12,"358":1633,"359":7,"360":7,"361":1633,"362":1633,"363":7},"branchMap":{"0":{"type":"branch","line":31,"loc":{"start":{"line":31,"column":7},"end":{"line":364,"column":1}},"locations":[{"start":{"line":31,"column":7},"end":{"line":364,"column":1}}]},"1":{"type":"branch","line":44,"loc":{"start":{"line":44,"column":4},"end":{"line":52,"column":5}},"locations":[{"start":{"line":44,"column":4},"end":{"line":52,"column":5}}]},"2":{"type":"branch","line":54,"loc":{"start":{"line":54,"column":12},"end":{"line":61,"column":5}},"locations":[{"start":{"line":54,"column":12},"end":{"line":61,"column":5}}]},"3":{"type":"branch","line":56,"loc":{"start":{"line":56,"column":18},"end":{"line":56,"column":37}},"locations":[{"start":{"line":56,"column":18},"end":{"line":56,"column":37}}]},"4":{"type":"branch","line":56,"loc":{"start":{"line":56,"column":30},"end":{"line":57,"column":37}},"locations":[{"start":{"line":56,"column":30},"end":{"line":57,"column":37}}]},"5":{"type":"branch","line":57,"loc":{"start":{"line":57,"column":18},"end":{"line":57,"column":37}},"locations":[{"start":{"line":57,"column":18},"end":{"line":57,"column":37}}]},"6":{"type":"branch","line":57,"loc":{"start":{"line":57,"column":30},"end":{"line":58,"column":37}},"locations":[{"start":{"line":57,"column":30},"end":{"line":58,"column":37}}]},"7":{"type":"branch","line":58,"loc":{"start":{"line":58,"column":18},"end":{"line":58,"column":37}},"locations":[{"start":{"line":58,"column":18},"end":{"line":58,"column":37}}]},"8":{"type":"branch","line":58,"loc":{"start":{"line":58,"column":30},"end":{"line":59,"column":34}},"locations":[{"start":{"line":58,"column":30},"end":{"line":59,"column":34}}]},"9":{"type":"branch","line":63,"loc":{"start":{"line":63,"column":12},"end":{"line":65,"column":5}},"locations":[{"start":{"line":63,"column":12},"end":{"line":65,"column":5}}]},"10":{"type":"branch","line":67,"loc":{"start":{"line":67,"column":12},"end":{"line":69,"column":5}},"locations":[{"start":{"line":67,"column":12},"end":{"line":69,"column":5}}]},"11":{"type":"branch","line":77,"loc":{"start":{"line":77,"column":12},"end":{"line":87,"column":5}},"locations":[{"start":{"line":77,"column":12},"end":{"line":87,"column":5}}]},"12":{"type":"branch","line":80,"loc":{"start":{"line":80,"column":35},"end":{"line":83,"column":9}},"locations":[{"start":{"line":80,"column":35},"end":{"line":83,"column":9}}]},"13":{"type":"branch","line":83,"loc":{"start":{"line":83,"column":8},"end":{"line":86,"column":39}},"locations":[{"start":{"line":83,"column":8},"end":{"line":86,"column":39}}]},"14":{"type":"branch","line":97,"loc":{"start":{"line":97,"column":12},"end":{"line":100,"column":5}},"locations":[{"start":{"line":97,"column":12},"end":{"line":100,"column":5}}]},"15":{"type":"branch","line":102,"loc":{"start":{"line":102,"column":12},"end":{"line":116,"column":5}},"locations":[{"start":{"line":102,"column":12},"end":{"line":116,"column":5}}]},"16":{"type":"branch","line":106,"loc":{"start":{"line":106,"column":32},"end":{"line":114,"column":9}},"locations":[{"start":{"line":106,"column":32},"end":{"line":114,"column":9}}]},"17":{"type":"branch","line":108,"loc":{"start":{"line":108,"column":64},"end":{"line":110,"column":23}},"locations":[{"start":{"line":108,"column":64},"end":{"line":110,"column":23}}]},"18":{"type":"branch","line":110,"loc":{"start":{"line":110,"column":12},"end":{"line":113,"column":13}},"locations":[{"start":{"line":110,"column":12},"end":{"line":113,"column":13}}]},"19":{"type":"branch","line":110,"loc":{"start":{"line":110,"column":69},"end":{"line":113,"column":13}},"locations":[{"start":{"line":110,"column":69},"end":{"line":113,"column":13}}]},"20":{"type":"branch","line":118,"loc":{"start":{"line":118,"column":12},"end":{"line":130,"column":5}},"locations":[{"start":{"line":118,"column":12},"end":{"line":130,"column":5}}]},"21":{"type":"branch","line":123,"loc":{"start":{"line":123,"column":36},"end":{"line":126,"column":13}},"locations":[{"start":{"line":123,"column":36},"end":{"line":126,"column":13}}]},"22":{"type":"branch","line":132,"loc":{"start":{"line":132,"column":4},"end":{"line":363,"column":5}},"locations":[{"start":{"line":132,"column":4},"end":{"line":363,"column":5}}]},"23":{"type":"branch","line":136,"loc":{"start":{"line":136,"column":12},"end":{"line":156,"column":22}},"locations":[{"start":{"line":136,"column":12},"end":{"line":156,"column":22}}]},"24":{"type":"branch","line":138,"loc":{"start":{"line":138,"column":42},"end":{"line":140,"column":27}},"locations":[{"start":{"line":138,"column":42},"end":{"line":140,"column":27}}]},"25":{"type":"branch","line":140,"loc":{"start":{"line":140,"column":16},"end":{"line":155,"column":17}},"locations":[{"start":{"line":140,"column":16},"end":{"line":155,"column":17}}]},"26":{"type":"branch","line":140,"loc":{"start":{"line":140,"column":49},"end":{"line":144,"column":23}},"locations":[{"start":{"line":140,"column":49},"end":{"line":144,"column":23}}]},"27":{"type":"branch","line":144,"loc":{"start":{"line":144,"column":16},"end":{"line":155,"column":17}},"locations":[{"start":{"line":144,"column":16},"end":{"line":155,"column":17}}]},"28":{"type":"branch","line":146,"loc":{"start":{"line":146,"column":42},"end":{"line":148,"column":55}},"locations":[{"start":{"line":146,"column":42},"end":{"line":148,"column":55}}]},"29":{"type":"branch","line":147,"loc":{"start":{"line":147,"column":62},"end":{"line":147,"column":73}},"locations":[{"start":{"line":147,"column":62},"end":{"line":147,"column":73}}]},"30":{"type":"branch","line":148,"loc":{"start":{"line":148,"column":42},"end":{"line":149,"column":65}},"locations":[{"start":{"line":148,"column":42},"end":{"line":149,"column":65}}]},"31":{"type":"branch","line":150,"loc":{"start":{"line":150,"column":22},"end":{"line":153,"column":21}},"locations":[{"start":{"line":150,"column":22},"end":{"line":153,"column":21}}]},"32":{"type":"branch","line":157,"loc":{"start":{"line":157,"column":12},"end":{"line":171,"column":22}},"locations":[{"start":{"line":157,"column":12},"end":{"line":171,"column":22}}]},"33":{"type":"branch","line":159,"loc":{"start":{"line":159,"column":42},"end":{"line":161,"column":27}},"locations":[{"start":{"line":159,"column":42},"end":{"line":161,"column":27}}]},"34":{"type":"branch","line":161,"loc":{"start":{"line":161,"column":16},"end":{"line":170,"column":17}},"locations":[{"start":{"line":161,"column":16},"end":{"line":170,"column":17}}]},"35":{"type":"branch","line":172,"loc":{"start":{"line":172,"column":12},"end":{"line":178,"column":22}},"locations":[{"start":{"line":172,"column":12},"end":{"line":178,"column":22}}]},"36":{"type":"branch","line":180,"loc":{"start":{"line":180,"column":12},"end":{"line":195,"column":22}},"locations":[{"start":{"line":180,"column":12},"end":{"line":195,"column":22}}]},"37":{"type":"branch","line":182,"loc":{"start":{"line":182,"column":53},"end":{"line":185,"column":27}},"locations":[{"start":{"line":182,"column":53},"end":{"line":185,"column":27}}]},"38":{"type":"branch","line":185,"loc":{"start":{"line":185,"column":16},"end":{"line":194,"column":17}},"locations":[{"start":{"line":185,"column":16},"end":{"line":194,"column":17}}]},"39":{"type":"branch","line":185,"loc":{"start":{"line":185,"column":49},"end":{"line":187,"column":27}},"locations":[{"start":{"line":185,"column":49},"end":{"line":187,"column":27}}]},"40":{"type":"branch","line":187,"loc":{"start":{"line":187,"column":49},"end":{"line":190,"column":27}},"locations":[{"start":{"line":187,"column":49},"end":{"line":190,"column":27}}]},"41":{"type":"branch","line":190,"loc":{"start":{"line":190,"column":16},"end":{"line":194,"column":17}},"locations":[{"start":{"line":190,"column":16},"end":{"line":194,"column":17}}]},"42":{"type":"branch","line":196,"loc":{"start":{"line":196,"column":12},"end":{"line":203,"column":22}},"locations":[{"start":{"line":196,"column":12},"end":{"line":203,"column":22}}]},"43":{"type":"branch","line":204,"loc":{"start":{"line":204,"column":12},"end":{"line":225,"column":22}},"locations":[{"start":{"line":204,"column":12},"end":{"line":225,"column":22}}]},"44":{"type":"branch","line":209,"loc":{"start":{"line":209,"column":20},"end":{"line":209,"column":59}},"locations":[{"start":{"line":209,"column":20},"end":{"line":209,"column":59}}]},"45":{"type":"branch","line":209,"loc":{"start":{"line":209,"column":57},"end":{"line":215,"column":17}},"locations":[{"start":{"line":209,"column":57},"end":{"line":215,"column":17}}]},"46":{"type":"branch","line":210,"loc":{"start":{"line":210,"column":47},"end":{"line":212,"column":27}},"locations":[{"start":{"line":210,"column":47},"end":{"line":212,"column":27}}]},"47":{"type":"branch","line":212,"loc":{"start":{"line":212,"column":73},"end":{"line":215,"column":17}},"locations":[{"start":{"line":212,"column":73},"end":{"line":215,"column":17}}]},"48":{"type":"branch","line":227,"loc":{"start":{"line":227,"column":12},"end":{"line":246,"column":22}},"locations":[{"start":{"line":227,"column":12},"end":{"line":246,"column":22}}]},"49":{"type":"branch","line":230,"loc":{"start":{"line":230,"column":37},"end":{"line":231,"column":43}},"locations":[{"start":{"line":230,"column":37},"end":{"line":231,"column":43}}]},"50":{"type":"branch","line":231,"loc":{"start":{"line":231,"column":37},"end":{"line":233,"column":40}},"locations":[{"start":{"line":231,"column":37},"end":{"line":233,"column":40}}]},"51":{"type":"branch","line":234,"loc":{"start":{"line":234,"column":18},"end":{"line":237,"column":27}},"locations":[{"start":{"line":234,"column":18},"end":{"line":237,"column":27}}]},"52":{"type":"branch","line":237,"loc":{"start":{"line":237,"column":16},"end":{"line":245,"column":17}},"locations":[{"start":{"line":237,"column":16},"end":{"line":245,"column":17}}]},"53":{"type":"branch","line":237,"loc":{"start":{"line":237,"column":49},"end":{"line":239,"column":27}},"locations":[{"start":{"line":237,"column":49},"end":{"line":239,"column":27}}]},"54":{"type":"branch","line":239,"loc":{"start":{"line":239,"column":16},"end":{"line":245,"column":17}},"locations":[{"start":{"line":239,"column":16},"end":{"line":245,"column":17}}]},"55":{"type":"branch","line":239,"loc":{"start":{"line":239,"column":60},"end":{"line":243,"column":27}},"locations":[{"start":{"line":239,"column":60},"end":{"line":243,"column":27}}]},"56":{"type":"branch","line":243,"loc":{"start":{"line":243,"column":16},"end":{"line":245,"column":17}},"locations":[{"start":{"line":243,"column":16},"end":{"line":245,"column":17}}]},"57":{"type":"branch","line":243,"loc":{"start":{"line":243,"column":49},"end":{"line":245,"column":17}},"locations":[{"start":{"line":243,"column":49},"end":{"line":245,"column":17}}]},"58":{"type":"branch","line":247,"loc":{"start":{"line":247,"column":12},"end":{"line":263,"column":22}},"locations":[{"start":{"line":247,"column":12},"end":{"line":263,"column":22}}]},"59":{"type":"branch","line":249,"loc":{"start":{"line":249,"column":20},"end":{"line":249,"column":66}},"locations":[{"start":{"line":249,"column":20},"end":{"line":249,"column":66}}]},"60":{"type":"branch","line":252,"loc":{"start":{"line":252,"column":42},"end":{"line":256,"column":27}},"locations":[{"start":{"line":252,"column":42},"end":{"line":256,"column":27}}]},"61":{"type":"branch","line":256,"loc":{"start":{"line":256,"column":16},"end":{"line":262,"column":17}},"locations":[{"start":{"line":256,"column":16},"end":{"line":262,"column":17}}]},"62":{"type":"branch","line":256,"loc":{"start":{"line":256,"column":49},"end":{"line":262,"column":17}},"locations":[{"start":{"line":256,"column":49},"end":{"line":262,"column":17}}]},"63":{"type":"branch","line":264,"loc":{"start":{"line":264,"column":12},"end":{"line":278,"column":22}},"locations":[{"start":{"line":264,"column":12},"end":{"line":278,"column":22}}]},"64":{"type":"branch","line":266,"loc":{"start":{"line":266,"column":53},"end":{"line":269,"column":27}},"locations":[{"start":{"line":266,"column":53},"end":{"line":269,"column":27}}]},"65":{"type":"branch","line":269,"loc":{"start":{"line":269,"column":44},"end":{"line":269,"column":73}},"locations":[{"start":{"line":269,"column":44},"end":{"line":269,"column":73}}]},"66":{"type":"branch","line":269,"loc":{"start":{"line":269,"column":73},"end":{"line":275,"column":17}},"locations":[{"start":{"line":269,"column":73},"end":{"line":275,"column":17}}]},"67":{"type":"branch","line":279,"loc":{"start":{"line":279,"column":12},"end":{"line":290,"column":22}},"locations":[{"start":{"line":279,"column":12},"end":{"line":290,"column":22}}]},"68":{"type":"branch","line":281,"loc":{"start":{"line":281,"column":53},"end":{"line":287,"column":27}},"locations":[{"start":{"line":281,"column":53},"end":{"line":287,"column":27}}]},"69":{"type":"branch","line":282,"loc":{"start":{"line":282,"column":45},"end":{"line":284,"column":21}},"locations":[{"start":{"line":282,"column":45},"end":{"line":284,"column":21}}]},"70":{"type":"branch","line":287,"loc":{"start":{"line":287,"column":16},"end":{"line":289,"column":17}},"locations":[{"start":{"line":287,"column":16},"end":{"line":289,"column":17}}]},"71":{"type":"branch","line":287,"loc":{"start":{"line":287,"column":44},"end":{"line":287,"column":73}},"locations":[{"start":{"line":287,"column":44},"end":{"line":287,"column":73}}]},"72":{"type":"branch","line":291,"loc":{"start":{"line":291,"column":12},"end":{"line":315,"column":22}},"locations":[{"start":{"line":291,"column":12},"end":{"line":315,"column":22}}]},"73":{"type":"branch","line":293,"loc":{"start":{"line":293,"column":42},"end":{"line":299,"column":27}},"locations":[{"start":{"line":293,"column":42},"end":{"line":299,"column":27}}]},"74":{"type":"branch","line":299,"loc":{"start":{"line":299,"column":49},"end":{"line":301,"column":27}},"locations":[{"start":{"line":299,"column":49},"end":{"line":301,"column":27}}]},"75":{"type":"branch","line":317,"loc":{"start":{"line":317,"column":12},"end":{"line":330,"column":22}},"locations":[{"start":{"line":317,"column":12},"end":{"line":330,"column":22}}]},"76":{"type":"branch","line":319,"loc":{"start":{"line":319,"column":42},"end":{"line":321,"column":27}},"locations":[{"start":{"line":319,"column":42},"end":{"line":321,"column":27}}]},"77":{"type":"branch","line":321,"loc":{"start":{"line":321,"column":16},"end":{"line":329,"column":17}},"locations":[{"start":{"line":321,"column":16},"end":{"line":329,"column":17}}]},"78":{"type":"branch","line":321,"loc":{"start":{"line":321,"column":51},"end":{"line":323,"column":23}},"locations":[{"start":{"line":321,"column":51},"end":{"line":323,"column":23}}]},"79":{"type":"branch","line":324,"loc":{"start":{"line":324,"column":45},"end":{"line":326,"column":21}},"locations":[{"start":{"line":324,"column":45},"end":{"line":326,"column":21}}]},"80":{"type":"branch","line":331,"loc":{"start":{"line":331,"column":12},"end":{"line":358,"column":22}},"locations":[{"start":{"line":331,"column":12},"end":{"line":358,"column":22}}]},"81":{"type":"branch","line":333,"loc":{"start":{"line":333,"column":42},"end":{"line":357,"column":17}},"locations":[{"start":{"line":333,"column":42},"end":{"line":357,"column":17}}]},"82":{"type":"branch","line":340,"loc":{"start":{"line":340,"column":49},"end":{"line":342,"column":27}},"locations":[{"start":{"line":340,"column":49},"end":{"line":342,"column":27}}]},"83":{"type":"branch","line":359,"loc":{"start":{"line":359,"column":12},"end":{"line":361,"column":23}},"locations":[{"start":{"line":359,"column":12},"end":{"line":361,"column":23}}]}},"b":{"0":[7],"1":[7],"2":[542],"3":[497],"4":[524],"5":[479],"6":[45],"7":[14],"8":[31],"9":[364],"10":[1676],"11":[1626],"12":[43],"13":[1583],"14":[1626],"15":[194],"16":[187],"17":[27],"18":[160],"19":[21],"20":[18],"21":[6],"22":[1633],"23":[584],"24":[48],"25":[536],"26":[7],"27":[529],"28":[364],"29":[336],"30":[513],"31":[132],"32":[48],"33":[21],"34":[27],"35":[21],"36":[262],"37":[18],"38":[244],"39":[0],"40":[30],"41":[214],"42":[6],"43":[60],"44":[18],"45":[42],"46":[0],"47":[1],"48":[219],"49":[213],"50":[207],"51":[17],"52":[202],"53":[24],"54":[178],"55":[159],"56":[19],"57":[0],"58":[18],"59":[17],"60":[6],"61":[12],"62":[6],"63":[24],"64":[0],"65":[12],"66":[12],"67":[102],"68":[90],"69":[12],"70":[12],"71":[0],"72":[12],"73":[0],"74":[0],"75":[258],"76":[12],"77":[246],"78":[0],"79":[12],"80":[12],"81":[6],"82":[0],"83":[7]},"fnMap":{"0":{"name":"_read","decl":{"start":{"line":18,"column":4},"end":{"line":18,"column":14}},"loc":{"start":{"line":18,"column":4},"end":{"line":18,"column":14}},"line":18},"1":{"name":"done","decl":{"start":{"line":20,"column":4},"end":{"line":22,"column":5}},"loc":{"start":{"line":20,"column":4},"end":{"line":22,"column":5}},"line":20},"2":{"name":"process","decl":{"start":{"line":24,"column":4},"end":{"line":28,"column":5}},"loc":{"start":{"line":24,"column":4},"end":{"line":28,"column":5}},"line":24},"3":{"name":"<instance_members_initializer>","decl":{"start":{"line":31,"column":7},"end":{"line":364,"column":1}},"loc":{"start":{"line":31,"column":7},"end":{"line":364,"column":1}},"line":31},"4":{"name":"Tokenizer","decl":{"start":{"line":44,"column":4},"end":{"line":52,"column":5}},"loc":{"start":{"line":44,"column":4},"end":{"line":52,"column":5}},"line":44},"5":{"name":"isAsciiAlpha","decl":{"start":{"line":54,"column":12},"end":{"line":61,"column":5}},"loc":{"start":{"line":54,"column":12},"end":{"line":61,"column":5}},"line":54},"6":{"name":"isWhitespace","decl":{"start":{"line":63,"column":12},"end":{"line":65,"column":5}},"loc":{"start":{"line":63,"column":12},"end":{"line":65,"column":5}},"line":63},"7":{"name":"peek","decl":{"start":{"line":67,"column":12},"end":{"line":69,"column":5}},"loc":{"start":{"line":67,"column":12},"end":{"line":69,"column":5}},"line":67},"8":{"name":"next","decl":{"start":{"line":71,"column":12},"end":{"line":75,"column":5}},"loc":{"start":{"line":71,"column":12},"end":{"line":75,"column":5}},"line":71},"9":{"name":"consume","decl":{"start":{"line":77,"column":12},"end":{"line":87,"column":5}},"loc":{"start":{"line":77,"column":12},"end":{"line":87,"column":5}},"line":77},"10":{"name":"matches","decl":{"start":{"line":89,"column":12},"end":{"line":95,"column":5}},"loc":{"start":{"line":89,"column":12},"end":{"line":95,"column":5}},"line":89},"11":{"name":"switch","decl":{"start":{"line":97,"column":12},"end":{"line":100,"column":5}},"loc":{"start":{"line":97,"column":12},"end":{"line":100,"column":5}},"line":97},"12":{"name":"emitToken","decl":{"start":{"line":102,"column":12},"end":{"line":116,"column":5}},"loc":{"start":{"line":102,"column":12},"end":{"line":116,"column":5}},"line":102},"13":{"name":"emitAttribute","decl":{"start":{"line":118,"column":12},"end":{"line":130,"column":5}},"loc":{"start":{"line":118,"column":12},"end":{"line":130,"column":5}},"line":118},"14":{"name":"run","decl":{"start":{"line":132,"column":4},"end":{"line":363,"column":5}},"loc":{"start":{"line":132,"column":4},"end":{"line":363,"column":5}},"line":132}},"f":{"0":0,"1":0,"2":0,"3":7,"4":7,"5":542,"6":364,"7":1676,"8":0,"9":1626,"10":0,"11":1626,"12":194,"13":18,"14":1633}}
}
