{"/Users/idea456/Documents/something/src/parser/index.ts": {"path":"/Users/idea456/Documents/something/src/parser/index.ts","all":false,"statementMap":{"0":{"start":{"line":1,"column":0},"end":{"line":1,"column":28}},"1":{"start":{"line":2,"column":0},"end":{"line":2,"column":24}}},"s":{"0":1,"1":1},"branchMap":{},"b":{},"fnMap":{},"f":{}}
,"/Users/idea456/Documents/something/src/parser/state.ts": {"path":"/Users/idea456/Documents/something/src/parser/state.ts","all":false,"statementMap":{"0":{"start":{"line":1,"column":0},"end":{"line":1,"column":19}},"1":{"start":{"line":2,"column":0},"end":{"line":2,"column":18}},"2":{"start":{"line":3,"column":0},"end":{"line":3,"column":24}},"3":{"start":{"line":4,"column":0},"end":{"line":4,"column":30}},"4":{"start":{"line":5,"column":0},"end":{"line":5,"column":24}},"5":{"start":{"line":6,"column":0},"end":{"line":6,"column":48}},"6":{"start":{"line":7,"column":0},"end":{"line":7,"column":48}},"7":{"start":{"line":8,"column":0},"end":{"line":8,"column":36}},"8":{"start":{"line":9,"column":0},"end":{"line":9,"column":46}},"9":{"start":{"line":10,"column":0},"end":{"line":10,"column":50}},"10":{"start":{"line":11,"column":0},"end":{"line":11,"column":50}},"11":{"start":{"line":12,"column":0},"end":{"line":12,"column":58}},"12":{"start":{"line":13,"column":0},"end":{"line":13,"column":60}},"13":{"start":{"line":14,"column":0},"end":{"line":14,"column":68}},"14":{"start":{"line":15,"column":0},"end":{"line":15,"column":1}}},"s":{"0":1,"1":1,"2":1,"3":1,"4":1,"5":1,"6":1,"7":1,"8":1,"9":1,"10":1,"11":1,"12":1,"13":1,"14":1},"branchMap":{"0":{"type":"branch","line":1,"loc":{"start":{"line":1,"column":7},"end":{"line":1,"column":19}},"locations":[{"start":{"line":1,"column":7},"end":{"line":1,"column":19}}]}},"b":{"0":[1]},"fnMap":{},"f":{}}
,"/Users/idea456/Documents/something/src/parser/token.ts": {"path":"/Users/idea456/Documents/something/src/parser/token.ts","all":false,"statementMap":{"0":{"start":{"line":1,"column":0},"end":{"line":1,"column":23}},"1":{"start":{"line":2,"column":0},"end":{"line":2,"column":13}},"2":{"start":{"line":3,"column":0},"end":{"line":3,"column":11}},"3":{"start":{"line":4,"column":0},"end":{"line":4,"column":12}},"4":{"start":{"line":5,"column":0},"end":{"line":5,"column":14}},"5":{"start":{"line":6,"column":0},"end":{"line":6,"column":14}},"6":{"start":{"line":7,"column":0},"end":{"line":7,"column":8}},"7":{"start":{"line":8,"column":0},"end":{"line":8,"column":1}},"8":{"start":{"line":9,"column":0},"end":{"line":9,"column":0}},"9":{"start":{"line":10,"column":0},"end":{"line":10,"column":24}},"10":{"start":{"line":11,"column":0},"end":{"line":11,"column":17}},"11":{"start":{"line":12,"column":0},"end":{"line":12,"column":20}},"12":{"start":{"line":13,"column":0},"end":{"line":13,"column":21}},"13":{"start":{"line":14,"column":0},"end":{"line":14,"column":1}},"14":{"start":{"line":15,"column":0},"end":{"line":15,"column":0}},"15":{"start":{"line":16,"column":0},"end":{"line":16,"column":25}},"16":{"start":{"line":17,"column":0},"end":{"line":17,"column":17}},"17":{"start":{"line":18,"column":0},"end":{"line":18,"column":19}},"18":{"start":{"line":19,"column":0},"end":{"line":19,"column":27}},"19":{"start":{"line":20,"column":0},"end":{"line":20,"column":29}},"20":{"start":{"line":21,"column":0},"end":{"line":21,"column":2}},"21":{"start":{"line":22,"column":0},"end":{"line":22,"column":0}},"22":{"start":{"line":23,"column":0},"end":{"line":23,"column":32}},"23":{"start":{"line":24,"column":0},"end":{"line":24,"column":0}},"24":{"start":{"line":25,"column":0},"end":{"line":25,"column":32}},"25":{"start":{"line":26,"column":0},"end":{"line":26,"column":45}},"26":{"start":{"line":27,"column":0},"end":{"line":27,"column":133}},"27":{"start":{"line":28,"column":0},"end":{"line":28,"column":16}},"28":{"start":{"line":29,"column":0},"end":{"line":29,"column":28}},"29":{"start":{"line":30,"column":0},"end":{"line":30,"column":20}},"30":{"start":{"line":31,"column":0},"end":{"line":31,"column":32}},"31":{"start":{"line":32,"column":0},"end":{"line":32,"column":30}},"32":{"start":{"line":33,"column":0},"end":{"line":33,"column":34}},"33":{"start":{"line":34,"column":0},"end":{"line":34,"column":37}},"34":{"start":{"line":35,"column":0},"end":{"line":35,"column":39}},"35":{"start":{"line":36,"column":0},"end":{"line":36,"column":8}},"36":{"start":{"line":37,"column":0},"end":{"line":37,"column":1}},"37":{"start":{"line":38,"column":0},"end":{"line":38,"column":0}},"38":{"start":{"line":39,"column":0},"end":{"line":39,"column":43}},"39":{"start":{"line":40,"column":0},"end":{"line":40,"column":28}},"40":{"start":{"line":41,"column":0},"end":{"line":41,"column":0}},"41":{"start":{"line":42,"column":0},"end":{"line":42,"column":39}},"42":{"start":{"line":43,"column":0},"end":{"line":43,"column":1}},"43":{"start":{"line":44,"column":0},"end":{"line":44,"column":0}},"44":{"start":{"line":45,"column":0},"end":{"line":45,"column":40}},"45":{"start":{"line":46,"column":0},"end":{"line":46,"column":17}},"46":{"start":{"line":47,"column":0},"end":{"line":47,"column":25}},"47":{"start":{"line":48,"column":0},"end":{"line":48,"column":18}},"48":{"start":{"line":49,"column":0},"end":{"line":49,"column":1}},"49":{"start":{"line":50,"column":0},"end":{"line":50,"column":0}},"50":{"start":{"line":51,"column":0},"end":{"line":51,"column":46}},"51":{"start":{"line":52,"column":0},"end":{"line":52,"column":23}},"52":{"start":{"line":53,"column":0},"end":{"line":53,"column":31}},"53":{"start":{"line":54,"column":0},"end":{"line":54,"column":0}},"54":{"start":{"line":55,"column":0},"end":{"line":55,"column":42}},"55":{"start":{"line":56,"column":0},"end":{"line":56,"column":1}}},"s":{"0":1,"1":1,"2":1,"3":1,"4":1,"5":1,"6":1,"7":1,"8":1,"9":1,"10":1,"11":1,"12":1,"13":1,"14":1,"15":1,"16":1,"17":1,"18":1,"19":1,"20":1,"21":1,"22":1,"23":1,"24":1,"25":1,"26":1,"27":1,"28":24,"29":24,"30":24,"31":24,"32":24,"33":24,"34":24,"35":24,"36":1,"37":1,"38":1,"39":1,"40":1,"41":1,"42":1,"43":1,"44":1,"45":6,"46":6,"47":6,"48":1,"49":1,"50":1,"51":1,"52":1,"53":1,"54":1,"55":1},"branchMap":{"0":{"type":"branch","line":1,"loc":{"start":{"line":1,"column":7},"end":{"line":1,"column":23}},"locations":[{"start":{"line":1,"column":7},"end":{"line":1,"column":23}}]},"1":{"type":"branch","line":28,"loc":{"start":{"line":28,"column":4},"end":{"line":36,"column":8}},"locations":[{"start":{"line":28,"column":4},"end":{"line":36,"column":8}}]},"2":{"type":"branch","line":42,"loc":{"start":{"line":42,"column":4},"end":{"line":42,"column":39}},"locations":[{"start":{"line":42,"column":4},"end":{"line":42,"column":39}}]},"3":{"type":"branch","line":45,"loc":{"start":{"line":45,"column":7},"end":{"line":48,"column":18}},"locations":[{"start":{"line":45,"column":7},"end":{"line":48,"column":18}}]},"4":{"type":"branch","line":55,"loc":{"start":{"line":55,"column":4},"end":{"line":55,"column":42}},"locations":[{"start":{"line":55,"column":4},"end":{"line":55,"column":42}}]}},"b":{"0":[1],"1":[24],"2":[18],"3":[6],"4":[102]},"fnMap":{"0":{"name":"StartTagToken","decl":{"start":{"line":28,"column":4},"end":{"line":36,"column":8}},"loc":{"start":{"line":28,"column":4},"end":{"line":36,"column":8}},"line":28},"1":{"name":"EndTagToken","decl":{"start":{"line":42,"column":4},"end":{"line":42,"column":39}},"loc":{"start":{"line":42,"column":4},"end":{"line":42,"column":39}},"line":42},"2":{"name":"EOFToken","decl":{"start":{"line":45,"column":7},"end":{"line":48,"column":18}},"loc":{"start":{"line":45,"column":7},"end":{"line":48,"column":18}},"line":45},"3":{"name":"CharacterToken","decl":{"start":{"line":55,"column":4},"end":{"line":55,"column":42}},"loc":{"start":{"line":55,"column":4},"end":{"line":55,"column":42}},"line":55}},"f":{"0":24,"1":18,"2":6,"3":102}}
,"/Users/idea456/Documents/something/src/parser/tokenizer.ts": {"path":"/Users/idea456/Documents/something/src/parser/tokenizer.ts","all":false,"statementMap":{"0":{"start":{"line":1,"column":0},"end":{"line":1,"column":32}},"1":{"start":{"line":2,"column":0},"end":{"line":2,"column":8}},"2":{"start":{"line":3,"column":0},"end":{"line":3,"column":14}},"3":{"start":{"line":4,"column":0},"end":{"line":4,"column":19}},"4":{"start":{"line":5,"column":0},"end":{"line":5,"column":13}},"5":{"start":{"line":6,"column":0},"end":{"line":6,"column":16}},"6":{"start":{"line":7,"column":0},"end":{"line":7,"column":15}},"7":{"start":{"line":8,"column":0},"end":{"line":8,"column":18}},"8":{"start":{"line":9,"column":0},"end":{"line":9,"column":10}},"9":{"start":{"line":10,"column":0},"end":{"line":10,"column":14}},"10":{"start":{"line":11,"column":0},"end":{"line":11,"column":17}},"11":{"start":{"line":12,"column":0},"end":{"line":12,"column":0}},"12":{"start":{"line":13,"column":0},"end":{"line":13,"column":16}},"13":{"start":{"line":14,"column":0},"end":{"line":14,"column":24}},"14":{"start":{"line":15,"column":0},"end":{"line":15,"column":17}},"15":{"start":{"line":16,"column":0},"end":{"line":16,"column":20}},"16":{"start":{"line":17,"column":0},"end":{"line":17,"column":17}},"17":{"start":{"line":18,"column":0},"end":{"line":18,"column":19}},"18":{"start":{"line":19,"column":0},"end":{"line":19,"column":20}},"19":{"start":{"line":20,"column":0},"end":{"line":20,"column":31}},"20":{"start":{"line":21,"column":0},"end":{"line":21,"column":40}},"21":{"start":{"line":22,"column":0},"end":{"line":22,"column":46}},"22":{"start":{"line":23,"column":0},"end":{"line":23,"column":30}},"23":{"start":{"line":24,"column":0},"end":{"line":24,"column":0}},"24":{"start":{"line":25,"column":0},"end":{"line":25,"column":31}},"25":{"start":{"line":26,"column":0},"end":{"line":26,"column":31}},"26":{"start":{"line":27,"column":0},"end":{"line":27,"column":25}},"27":{"start":{"line":28,"column":0},"end":{"line":28,"column":32}},"28":{"start":{"line":29,"column":0},"end":{"line":29,"column":25}},"29":{"start":{"line":30,"column":0},"end":{"line":30,"column":37}},"30":{"start":{"line":31,"column":0},"end":{"line":31,"column":24}},"31":{"start":{"line":32,"column":0},"end":{"line":32,"column":5}},"32":{"start":{"line":33,"column":0},"end":{"line":33,"column":0}},"33":{"start":{"line":34,"column":0},"end":{"line":34,"column":37}},"34":{"start":{"line":35,"column":0},"end":{"line":35,"column":16}},"35":{"start":{"line":36,"column":0},"end":{"line":36,"column":37}},"36":{"start":{"line":37,"column":0},"end":{"line":37,"column":37}},"37":{"start":{"line":38,"column":0},"end":{"line":38,"column":37}},"38":{"start":{"line":39,"column":0},"end":{"line":39,"column":34}},"39":{"start":{"line":40,"column":0},"end":{"line":40,"column":10}},"40":{"start":{"line":41,"column":0},"end":{"line":41,"column":5}},"41":{"start":{"line":42,"column":0},"end":{"line":42,"column":0}},"42":{"start":{"line":43,"column":0},"end":{"line":43,"column":37}},"43":{"start":{"line":44,"column":0},"end":{"line":44,"column":51}},"44":{"start":{"line":45,"column":0},"end":{"line":45,"column":5}},"45":{"start":{"line":46,"column":0},"end":{"line":46,"column":0}},"46":{"start":{"line":47,"column":0},"end":{"line":47,"column":20}},"47":{"start":{"line":48,"column":0},"end":{"line":48,"column":39}},"48":{"start":{"line":49,"column":0},"end":{"line":49,"column":5}},"49":{"start":{"line":50,"column":0},"end":{"line":50,"column":0}},"50":{"start":{"line":51,"column":0},"end":{"line":51,"column":20}},"51":{"start":{"line":52,"column":0},"end":{"line":52,"column":36}},"52":{"start":{"line":53,"column":0},"end":{"line":53,"column":26}},"53":{"start":{"line":54,"column":0},"end":{"line":54,"column":25}},"54":{"start":{"line":55,"column":0},"end":{"line":55,"column":5}},"55":{"start":{"line":56,"column":0},"end":{"line":56,"column":0}},"56":{"start":{"line":57,"column":0},"end":{"line":57,"column":23}},"57":{"start":{"line":58,"column":0},"end":{"line":58,"column":119}},"58":{"start":{"line":59,"column":0},"end":{"line":59,"column":121}},"59":{"start":{"line":60,"column":0},"end":{"line":60,"column":36}},"60":{"start":{"line":61,"column":0},"end":{"line":61,"column":42}},"61":{"start":{"line":62,"column":0},"end":{"line":62,"column":31}},"62":{"start":{"line":63,"column":0},"end":{"line":63,"column":9}},"63":{"start":{"line":64,"column":0},"end":{"line":64,"column":30}},"64":{"start":{"line":65,"column":0},"end":{"line":65,"column":26}},"65":{"start":{"line":66,"column":0},"end":{"line":66,"column":39}},"66":{"start":{"line":67,"column":0},"end":{"line":67,"column":5}},"67":{"start":{"line":68,"column":0},"end":{"line":68,"column":0}},"68":{"start":{"line":69,"column":0},"end":{"line":69,"column":36}},"69":{"start":{"line":70,"column":0},"end":{"line":70,"column":74}},"70":{"start":{"line":71,"column":0},"end":{"line":71,"column":74}},"71":{"start":{"line":72,"column":0},"end":{"line":72,"column":71}},"72":{"start":{"line":73,"column":0},"end":{"line":73,"column":9}},"73":{"start":{"line":74,"column":0},"end":{"line":74,"column":20}},"74":{"start":{"line":75,"column":0},"end":{"line":75,"column":5}},"75":{"start":{"line":76,"column":0},"end":{"line":76,"column":0}},"76":{"start":{"line":77,"column":0},"end":{"line":77,"column":34}},"77":{"start":{"line":78,"column":0},"end":{"line":78,"column":27}},"78":{"start":{"line":79,"column":0},"end":{"line":79,"column":19}},"79":{"start":{"line":80,"column":0},"end":{"line":80,"column":5}},"80":{"start":{"line":81,"column":0},"end":{"line":81,"column":0}},"81":{"start":{"line":82,"column":0},"end":{"line":82,"column":25}},"82":{"start":{"line":83,"column":0},"end":{"line":83,"column":56}},"83":{"start":{"line":84,"column":0},"end":{"line":84,"column":32}},"84":{"start":{"line":85,"column":0},"end":{"line":85,"column":48}},"85":{"start":{"line":86,"column":0},"end":{"line":86,"column":64}},"86":{"start":{"line":87,"column":0},"end":{"line":87,"column":51}},"87":{"start":{"line":88,"column":0},"end":{"line":88,"column":69}},"88":{"start":{"line":89,"column":0},"end":{"line":89,"column":57}},"89":{"start":{"line":90,"column":0},"end":{"line":90,"column":33}},"90":{"start":{"line":91,"column":0},"end":{"line":91,"column":13}},"91":{"start":{"line":92,"column":0},"end":{"line":92,"column":9}},"92":{"start":{"line":93,"column":0},"end":{"line":93,"column":33}},"93":{"start":{"line":94,"column":0},"end":{"line":94,"column":5}},"94":{"start":{"line":95,"column":0},"end":{"line":95,"column":0}},"95":{"start":{"line":96,"column":0},"end":{"line":96,"column":29}},"96":{"start":{"line":97,"column":0},"end":{"line":97,"column":12}},"97":{"start":{"line":98,"column":0},"end":{"line":98,"column":57}},"98":{"start":{"line":99,"column":0},"end":{"line":99,"column":34}},"99":{"start":{"line":100,"column":0},"end":{"line":100,"column":11}},"100":{"start":{"line":101,"column":0},"end":{"line":101,"column":37}},"101":{"start":{"line":102,"column":0},"end":{"line":102,"column":66}},"102":{"start":{"line":103,"column":0},"end":{"line":103,"column":42}},"103":{"start":{"line":104,"column":0},"end":{"line":104,"column":13}},"104":{"start":{"line":105,"column":0},"end":{"line":105,"column":70}},"105":{"start":{"line":106,"column":0},"end":{"line":106,"column":42}},"106":{"start":{"line":107,"column":0},"end":{"line":107,"column":9}},"107":{"start":{"line":108,"column":0},"end":{"line":108,"column":5}},"108":{"start":{"line":109,"column":0},"end":{"line":109,"column":0}},"109":{"start":{"line":110,"column":0},"end":{"line":110,"column":11}},"110":{"start":{"line":111,"column":0},"end":{"line":111,"column":25}},"111":{"start":{"line":112,"column":0},"end":{"line":112,"column":52}},"112":{"start":{"line":113,"column":0},"end":{"line":113,"column":29}},"113":{"start":{"line":114,"column":0},"end":{"line":114,"column":28}},"114":{"start":{"line":115,"column":0},"end":{"line":115,"column":46}},"115":{"start":{"line":116,"column":0},"end":{"line":116,"column":43}},"116":{"start":{"line":117,"column":0},"end":{"line":117,"column":47}},"117":{"start":{"line":118,"column":0},"end":{"line":118,"column":50}},"118":{"start":{"line":119,"column":0},"end":{"line":119,"column":55}},"119":{"start":{"line":120,"column":0},"end":{"line":120,"column":37}},"120":{"start":{"line":121,"column":0},"end":{"line":121,"column":27}},"121":{"start":{"line":122,"column":0},"end":{"line":122,"column":24}},"122":{"start":{"line":123,"column":0},"end":{"line":123,"column":24}},"123":{"start":{"line":124,"column":0},"end":{"line":124,"column":48}},"124":{"start":{"line":125,"column":0},"end":{"line":125,"column":73}},"125":{"start":{"line":126,"column":0},"end":{"line":126,"column":55}},"126":{"start":{"line":127,"column":0},"end":{"line":127,"column":65}},"127":{"start":{"line":128,"column":0},"end":{"line":128,"column":23}},"128":{"start":{"line":129,"column":0},"end":{"line":129,"column":77}},"129":{"start":{"line":130,"column":0},"end":{"line":130,"column":41}},"130":{"start":{"line":131,"column":0},"end":{"line":131,"column":21}},"131":{"start":{"line":132,"column":0},"end":{"line":132,"column":44}},"132":{"start":{"line":133,"column":0},"end":{"line":133,"column":17}},"133":{"start":{"line":134,"column":0},"end":{"line":134,"column":22}},"134":{"start":{"line":135,"column":0},"end":{"line":135,"column":31}},"135":{"start":{"line":136,"column":0},"end":{"line":136,"column":46}},"136":{"start":{"line":137,"column":0},"end":{"line":137,"column":43}},"137":{"start":{"line":138,"column":0},"end":{"line":138,"column":50}},"138":{"start":{"line":139,"column":0},"end":{"line":139,"column":61}},"139":{"start":{"line":140,"column":0},"end":{"line":140,"column":58}},"140":{"start":{"line":141,"column":0},"end":{"line":141,"column":37}},"141":{"start":{"line":142,"column":0},"end":{"line":142,"column":43}},"142":{"start":{"line":143,"column":0},"end":{"line":143,"column":30}},"143":{"start":{"line":144,"column":0},"end":{"line":144,"column":27}},"144":{"start":{"line":145,"column":0},"end":{"line":145,"column":22}},"145":{"start":{"line":146,"column":0},"end":{"line":146,"column":52}},"146":{"start":{"line":147,"column":0},"end":{"line":147,"column":47}},"147":{"start":{"line":148,"column":0},"end":{"line":148,"column":17}},"148":{"start":{"line":149,"column":0},"end":{"line":149,"column":22}},"149":{"start":{"line":150,"column":0},"end":{"line":150,"column":34}},"150":{"start":{"line":151,"column":0},"end":{"line":151,"column":46}},"151":{"start":{"line":152,"column":0},"end":{"line":152,"column":54}},"152":{"start":{"line":153,"column":0},"end":{"line":153,"column":70}},"153":{"start":{"line":154,"column":0},"end":{"line":154,"column":47}},"154":{"start":{"line":155,"column":0},"end":{"line":155,"column":17}},"155":{"start":{"line":156,"column":0},"end":{"line":156,"column":22}},"156":{"start":{"line":157,"column":0},"end":{"line":157,"column":0}},"157":{"start":{"line":158,"column":0},"end":{"line":158,"column":31}},"158":{"start":{"line":159,"column":0},"end":{"line":159,"column":46}},"159":{"start":{"line":160,"column":0},"end":{"line":160,"column":54}},"160":{"start":{"line":161,"column":0},"end":{"line":161,"column":52}},"161":{"start":{"line":162,"column":0},"end":{"line":162,"column":59}},"162":{"start":{"line":163,"column":0},"end":{"line":163,"column":50}},"163":{"start":{"line":164,"column":0},"end":{"line":164,"column":59}},"164":{"start":{"line":165,"column":0},"end":{"line":165,"column":50}},"165":{"start":{"line":166,"column":0},"end":{"line":166,"column":37}},"166":{"start":{"line":167,"column":0},"end":{"line":167,"column":44}},"167":{"start":{"line":168,"column":0},"end":{"line":168,"column":61}},"168":{"start":{"line":169,"column":0},"end":{"line":169,"column":42}},"169":{"start":{"line":170,"column":0},"end":{"line":170,"column":63}},"170":{"start":{"line":171,"column":0},"end":{"line":171,"column":47}},"171":{"start":{"line":172,"column":0},"end":{"line":172,"column":17}},"172":{"start":{"line":173,"column":0},"end":{"line":173,"column":22}},"173":{"start":{"line":174,"column":0},"end":{"line":174,"column":43}},"174":{"start":{"line":175,"column":0},"end":{"line":175,"column":46}},"175":{"start":{"line":176,"column":0},"end":{"line":176,"column":43}},"176":{"start":{"line":177,"column":0},"end":{"line":177,"column":58}},"177":{"start":{"line":178,"column":0},"end":{"line":178,"column":37}},"178":{"start":{"line":179,"column":0},"end":{"line":179,"column":44}},"179":{"start":{"line":180,"column":0},"end":{"line":180,"column":17}},"180":{"start":{"line":181,"column":0},"end":{"line":181,"column":22}},"181":{"start":{"line":182,"column":0},"end":{"line":182,"column":43}},"182":{"start":{"line":183,"column":0},"end":{"line":183,"column":46}},"183":{"start":{"line":184,"column":0},"end":{"line":184,"column":0}},"184":{"start":{"line":185,"column":0},"end":{"line":185,"column":52}},"185":{"start":{"line":186,"column":0},"end":{"line":186,"column":41}},"186":{"start":{"line":187,"column":0},"end":{"line":187,"column":59}},"187":{"start":{"line":188,"column":0},"end":{"line":188,"column":48}},"188":{"start":{"line":189,"column":0},"end":{"line":189,"column":91}},"189":{"start":{"line":190,"column":0},"end":{"line":190,"column":74}},"190":{"start":{"line":191,"column":0},"end":{"line":191,"column":49}},"191":{"start":{"line":192,"column":0},"end":{"line":192,"column":58}},"192":{"start":{"line":193,"column":0},"end":{"line":193,"column":17}},"193":{"start":{"line":194,"column":0},"end":{"line":194,"column":0}},"194":{"start":{"line":195,"column":0},"end":{"line":195,"column":42}},"195":{"start":{"line":196,"column":0},"end":{"line":196,"column":39}},"196":{"start":{"line":197,"column":0},"end":{"line":197,"column":30}},"197":{"start":{"line":198,"column":0},"end":{"line":198,"column":41}},"198":{"start":{"line":199,"column":0},"end":{"line":199,"column":43}},"199":{"start":{"line":200,"column":0},"end":{"line":200,"column":18}},"200":{"start":{"line":201,"column":0},"end":{"line":201,"column":48}},"201":{"start":{"line":202,"column":0},"end":{"line":202,"column":49}},"202":{"start":{"line":203,"column":0},"end":{"line":203,"column":22}},"203":{"start":{"line":204,"column":0},"end":{"line":204,"column":0}},"204":{"start":{"line":205,"column":0},"end":{"line":205,"column":37}},"205":{"start":{"line":206,"column":0},"end":{"line":206,"column":46}},"206":{"start":{"line":207,"column":0},"end":{"line":207,"column":20}},"207":{"start":{"line":208,"column":0},"end":{"line":208,"column":43}},"208":{"start":{"line":209,"column":0},"end":{"line":209,"column":43}},"209":{"start":{"line":210,"column":0},"end":{"line":210,"column":57}},"210":{"start":{"line":211,"column":0},"end":{"line":211,"column":40}},"211":{"start":{"line":212,"column":0},"end":{"line":212,"column":19}},"212":{"start":{"line":213,"column":0},"end":{"line":213,"column":49}},"213":{"start":{"line":214,"column":0},"end":{"line":214,"column":58}},"214":{"start":{"line":215,"column":0},"end":{"line":215,"column":50}},"215":{"start":{"line":216,"column":0},"end":{"line":216,"column":60}},"216":{"start":{"line":217,"column":0},"end":{"line":217,"column":61}},"217":{"start":{"line":218,"column":0},"end":{"line":218,"column":47}},"218":{"start":{"line":219,"column":0},"end":{"line":219,"column":68}},"219":{"start":{"line":220,"column":0},"end":{"line":220,"column":53}},"220":{"start":{"line":221,"column":0},"end":{"line":221,"column":17}},"221":{"start":{"line":222,"column":0},"end":{"line":222,"column":22}},"222":{"start":{"line":223,"column":0},"end":{"line":223,"column":42}},"223":{"start":{"line":224,"column":0},"end":{"line":224,"column":43}},"224":{"start":{"line":225,"column":0},"end":{"line":225,"column":66}},"225":{"start":{"line":226,"column":0},"end":{"line":226,"column":46}},"226":{"start":{"line":227,"column":0},"end":{"line":227,"column":0}},"227":{"start":{"line":228,"column":0},"end":{"line":228,"column":43}},"228":{"start":{"line":229,"column":0},"end":{"line":229,"column":41}},"229":{"start":{"line":230,"column":0},"end":{"line":230,"column":37}},"230":{"start":{"line":231,"column":0},"end":{"line":231,"column":44}},"231":{"start":{"line":232,"column":0},"end":{"line":232,"column":50}},"232":{"start":{"line":233,"column":0},"end":{"line":233,"column":59}},"233":{"start":{"line":234,"column":0},"end":{"line":234,"column":50}},"234":{"start":{"line":235,"column":0},"end":{"line":235,"column":41}},"235":{"start":{"line":236,"column":0},"end":{"line":236,"column":50}},"236":{"start":{"line":237,"column":0},"end":{"line":237,"column":59}},"237":{"start":{"line":238,"column":0},"end":{"line":238,"column":17}},"238":{"start":{"line":239,"column":0},"end":{"line":239,"column":22}},"239":{"start":{"line":240,"column":0},"end":{"line":240,"column":44}},"240":{"start":{"line":241,"column":0},"end":{"line":241,"column":46}},"241":{"start":{"line":242,"column":0},"end":{"line":242,"column":54}},"242":{"start":{"line":243,"column":0},"end":{"line":243,"column":40}},"243":{"start":{"line":244,"column":0},"end":{"line":244,"column":44}},"244":{"start":{"line":245,"column":0},"end":{"line":245,"column":74}},"245":{"start":{"line":246,"column":0},"end":{"line":246,"column":48}},"246":{"start":{"line":247,"column":0},"end":{"line":247,"column":60}},"247":{"start":{"line":248,"column":0},"end":{"line":248,"column":50}},"248":{"start":{"line":249,"column":0},"end":{"line":249,"column":45}},"249":{"start":{"line":250,"column":0},"end":{"line":250,"column":64}},"250":{"start":{"line":251,"column":0},"end":{"line":251,"column":17}},"251":{"start":{"line":252,"column":0},"end":{"line":252,"column":40}},"252":{"start":{"line":253,"column":0},"end":{"line":253,"column":44}},"253":{"start":{"line":254,"column":0},"end":{"line":254,"column":22}},"254":{"start":{"line":255,"column":0},"end":{"line":255,"column":44}},"255":{"start":{"line":256,"column":0},"end":{"line":256,"column":46}},"256":{"start":{"line":257,"column":0},"end":{"line":257,"column":54}},"257":{"start":{"line":258,"column":0},"end":{"line":258,"column":46}},"258":{"start":{"line":259,"column":0},"end":{"line":259,"column":48}},"259":{"start":{"line":260,"column":0},"end":{"line":260,"column":21}},"260":{"start":{"line":261,"column":0},"end":{"line":261,"column":55}},"261":{"start":{"line":262,"column":0},"end":{"line":262,"column":60}},"262":{"start":{"line":263,"column":0},"end":{"line":263,"column":74}},"263":{"start":{"line":264,"column":0},"end":{"line":264,"column":65}},"264":{"start":{"line":265,"column":0},"end":{"line":265,"column":17}},"265":{"start":{"line":266,"column":0},"end":{"line":266,"column":22}},"266":{"start":{"line":267,"column":0},"end":{"line":267,"column":49}},"267":{"start":{"line":268,"column":0},"end":{"line":268,"column":46}},"268":{"start":{"line":269,"column":0},"end":{"line":269,"column":43}},"269":{"start":{"line":270,"column":0},"end":{"line":270,"column":49}},"270":{"start":{"line":271,"column":0},"end":{"line":271,"column":45}},"271":{"start":{"line":272,"column":0},"end":{"line":272,"column":21}},"272":{"start":{"line":273,"column":0},"end":{"line":273,"column":37}},"273":{"start":{"line":274,"column":0},"end":{"line":274,"column":44}},"274":{"start":{"line":275,"column":0},"end":{"line":275,"column":50}},"275":{"start":{"line":276,"column":0},"end":{"line":276,"column":59}},"276":{"start":{"line":277,"column":0},"end":{"line":277,"column":61}},"277":{"start":{"line":278,"column":0},"end":{"line":278,"column":71}},"278":{"start":{"line":279,"column":0},"end":{"line":279,"column":74}},"279":{"start":{"line":280,"column":0},"end":{"line":280,"column":50}},"280":{"start":{"line":281,"column":0},"end":{"line":281,"column":46}},"281":{"start":{"line":282,"column":0},"end":{"line":282,"column":62}},"282":{"start":{"line":283,"column":0},"end":{"line":283,"column":55}},"283":{"start":{"line":284,"column":0},"end":{"line":284,"column":30}},"284":{"start":{"line":285,"column":0},"end":{"line":285,"column":54}},"285":{"start":{"line":286,"column":0},"end":{"line":286,"column":21}},"286":{"start":{"line":287,"column":0},"end":{"line":287,"column":0}},"287":{"start":{"line":288,"column":0},"end":{"line":288,"column":49}},"288":{"start":{"line":289,"column":0},"end":{"line":289,"column":59}},"289":{"start":{"line":290,"column":0},"end":{"line":290,"column":17}},"290":{"start":{"line":291,"column":0},"end":{"line":291,"column":22}},"291":{"start":{"line":292,"column":0},"end":{"line":292,"column":0}},"292":{"start":{"line":293,"column":0},"end":{"line":293,"column":48}},"293":{"start":{"line":294,"column":0},"end":{"line":294,"column":46}},"294":{"start":{"line":295,"column":0},"end":{"line":295,"column":43}},"295":{"start":{"line":296,"column":0},"end":{"line":296,"column":69}},"296":{"start":{"line":297,"column":0},"end":{"line":297,"column":52}},"297":{"start":{"line":298,"column":0},"end":{"line":298,"column":61}},"298":{"start":{"line":299,"column":0},"end":{"line":299,"column":24}},"299":{"start":{"line":300,"column":0},"end":{"line":300,"column":46}},"300":{"start":{"line":301,"column":0},"end":{"line":301,"column":48}},"301":{"start":{"line":302,"column":0},"end":{"line":302,"column":21}},"302":{"start":{"line":303,"column":0},"end":{"line":303,"column":55}},"303":{"start":{"line":304,"column":0},"end":{"line":304,"column":64}},"304":{"start":{"line":305,"column":0},"end":{"line":305,"column":17}},"305":{"start":{"line":306,"column":0},"end":{"line":306,"column":22}},"306":{"start":{"line":307,"column":0},"end":{"line":307,"column":53}},"307":{"start":{"line":308,"column":0},"end":{"line":308,"column":46}},"308":{"start":{"line":309,"column":0},"end":{"line":309,"column":43}},"309":{"start":{"line":310,"column":0},"end":{"line":310,"column":49}},"310":{"start":{"line":311,"column":0},"end":{"line":311,"column":68}},"311":{"start":{"line":312,"column":0},"end":{"line":312,"column":45}},"312":{"start":{"line":313,"column":0},"end":{"line":313,"column":21}},"313":{"start":{"line":314,"column":0},"end":{"line":314,"column":37}},"314":{"start":{"line":315,"column":0},"end":{"line":315,"column":44}},"315":{"start":{"line":316,"column":0},"end":{"line":316,"column":50}},"316":{"start":{"line":317,"column":0},"end":{"line":317,"column":59}},"317":{"start":{"line":318,"column":0},"end":{"line":318,"column":61}},"318":{"start":{"line":319,"column":0},"end":{"line":319,"column":71}},"319":{"start":{"line":320,"column":0},"end":{"line":320,"column":74}},"320":{"start":{"line":321,"column":0},"end":{"line":321,"column":68}},"321":{"start":{"line":322,"column":0},"end":{"line":322,"column":50}},"322":{"start":{"line":323,"column":0},"end":{"line":323,"column":46}},"323":{"start":{"line":324,"column":0},"end":{"line":324,"column":62}},"324":{"start":{"line":325,"column":0},"end":{"line":325,"column":55}},"325":{"start":{"line":326,"column":0},"end":{"line":326,"column":30}},"326":{"start":{"line":327,"column":0},"end":{"line":327,"column":54}},"327":{"start":{"line":328,"column":0},"end":{"line":328,"column":21}},"328":{"start":{"line":329,"column":0},"end":{"line":329,"column":0}},"329":{"start":{"line":330,"column":0},"end":{"line":330,"column":49}},"330":{"start":{"line":331,"column":0},"end":{"line":331,"column":59}},"331":{"start":{"line":332,"column":0},"end":{"line":332,"column":17}},"332":{"start":{"line":333,"column":0},"end":{"line":333,"column":22}},"333":{"start":{"line":334,"column":0},"end":{"line":334,"column":22}},"334":{"start":{"line":335,"column":0},"end":{"line":335,"column":9}},"335":{"start":{"line":336,"column":0},"end":{"line":336,"column":5}},"336":{"start":{"line":337,"column":0},"end":{"line":337,"column":1}}},"s":{"0":1,"1":1,"2":1,"3":1,"4":1,"5":1,"6":1,"7":1,"8":1,"9":1,"10":1,"11":1,"12":1,"13":1,"14":1,"15":1,"16":1,"17":1,"18":1,"19":1,"20":1,"21":1,"22":1,"23":1,"24":1,"25":6,"26":6,"27":6,"28":6,"29":6,"30":6,"31":6,"32":1,"33":1,"34":504,"35":504,"36":486,"37":48,"38":36,"39":504,"40":504,"41":1,"42":1,"43":336,"44":336,"45":1,"46":1,"47":1536,"48":1536,"49":1,"50":1,"51":0,"52":0,"53":0,"54":0,"55":1,"56":1,"57":1494,"58":1494,"59":1494,"60":42,"61":42,"62":42,"63":1452,"64":1452,"65":1452,"66":1494,"67":1,"68":1,"69":0,"70":0,"71":0,"72":0,"73":0,"74":0,"75":1,"76":1,"77":1488,"78":1488,"79":1488,"80":1,"81":1,"82":150,"83":150,"84":150,"85":150,"86":24,"87":150,"88":18,"89":18,"90":18,"91":150,"92":150,"93":150,"94":1,"95":1,"96":18,"97":18,"98":18,"99":18,"100":18,"101":6,"102":6,"103":6,"104":18,"105":18,"106":18,"107":18,"108":1,"109":1,"110":1494,"111":1494,"112":1494,"113":1494,"114":504,"115":504,"116":42,"117":504,"118":6,"119":6,"120":6,"121":462,"122":456,"123":456,"124":318,"125":318,"126":450,"127":456,"128":102,"129":102,"130":102,"131":456,"132":456,"133":498,"134":1494,"135":42,"136":42,"137":18,"138":42,"139":24,"140":24,"141":24,"142":24,"143":24,"144":24,"145":24,"146":24,"147":24,"148":42,"149":1494,"150":18,"151":18,"152":18,"153":18,"154":18,"155":18,"156":1494,"157":1494,"158":234,"159":234,"160":18,"161":18,"162":234,"163":0,"164":216,"165":24,"166":24,"167":216,"168":192,"169":192,"170":192,"171":192,"172":234,"173":1494,"174":6,"175":6,"176":6,"177":6,"178":6,"179":6,"180":6,"181":1494,"182":60,"183":60,"184":60,"185":60,"186":60,"187":42,"188":0,"189":42,"190":6,"191":6,"192":6,"193":60,"194":60,"195":60,"196":60,"197":60,"198":60,"199":60,"200":60,"201":60,"202":60,"203":1494,"204":1494,"205":204,"206":204,"207":204,"208":198,"209":192,"210":192,"211":204,"212":12,"213":12,"214":204,"215":24,"216":192,"217":144,"218":144,"219":144,"220":144,"221":204,"222":1494,"223":18,"224":18,"225":18,"226":18,"227":18,"228":6,"229":6,"230":6,"231":18,"232":6,"233":6,"234":6,"235":6,"236":6,"237":6,"238":18,"239":1494,"240":24,"241":24,"242":0,"243":0,"244":24,"245":12,"246":12,"247":12,"248":12,"249":12,"250":12,"251":24,"252":24,"253":24,"254":1494,"255":102,"256":102,"257":90,"258":12,"259":12,"260":90,"261":90,"262":102,"263":12,"264":12,"265":102,"266":1494,"267":12,"268":12,"269":0,"270":0,"271":0,"272":0,"273":0,"274":12,"275":0,"276":12,"277":12,"278":12,"279":12,"280":12,"281":12,"282":12,"283":12,"284":12,"285":12,"286":12,"287":12,"288":12,"289":12,"290":12,"291":1494,"292":1494,"293":258,"294":258,"295":12,"296":258,"297":0,"298":246,"299":246,"300":12,"301":12,"302":246,"303":246,"304":246,"305":258,"306":1494,"307":12,"308":12,"309":6,"310":6,"311":6,"312":6,"313":6,"314":6,"315":6,"316":0,"317":6,"318":6,"319":6,"320":6,"321":6,"322":6,"323":6,"324":6,"325":6,"326":6,"327":6,"328":6,"329":6,"330":6,"331":6,"332":12,"333":0,"334":1494,"335":1494,"336":1},"branchMap":{"0":{"type":"branch","line":25,"loc":{"start":{"line":25,"column":4},"end":{"line":32,"column":5}},"locations":[{"start":{"line":25,"column":4},"end":{"line":32,"column":5}}]},"1":{"type":"branch","line":34,"loc":{"start":{"line":34,"column":12},"end":{"line":41,"column":5}},"locations":[{"start":{"line":34,"column":12},"end":{"line":41,"column":5}}]},"2":{"type":"branch","line":36,"loc":{"start":{"line":36,"column":18},"end":{"line":36,"column":37}},"locations":[{"start":{"line":36,"column":18},"end":{"line":36,"column":37}}]},"3":{"type":"branch","line":36,"loc":{"start":{"line":36,"column":30},"end":{"line":37,"column":37}},"locations":[{"start":{"line":36,"column":30},"end":{"line":37,"column":37}}]},"4":{"type":"branch","line":37,"loc":{"start":{"line":37,"column":18},"end":{"line":37,"column":37}},"locations":[{"start":{"line":37,"column":18},"end":{"line":37,"column":37}}]},"5":{"type":"branch","line":37,"loc":{"start":{"line":37,"column":30},"end":{"line":38,"column":37}},"locations":[{"start":{"line":37,"column":30},"end":{"line":38,"column":37}}]},"6":{"type":"branch","line":38,"loc":{"start":{"line":38,"column":18},"end":{"line":38,"column":37}},"locations":[{"start":{"line":38,"column":18},"end":{"line":38,"column":37}}]},"7":{"type":"branch","line":38,"loc":{"start":{"line":38,"column":30},"end":{"line":39,"column":34}},"locations":[{"start":{"line":38,"column":30},"end":{"line":39,"column":34}}]},"8":{"type":"branch","line":43,"loc":{"start":{"line":43,"column":12},"end":{"line":45,"column":5}},"locations":[{"start":{"line":43,"column":12},"end":{"line":45,"column":5}}]},"9":{"type":"branch","line":47,"loc":{"start":{"line":47,"column":12},"end":{"line":49,"column":5}},"locations":[{"start":{"line":47,"column":12},"end":{"line":49,"column":5}}]},"10":{"type":"branch","line":57,"loc":{"start":{"line":57,"column":12},"end":{"line":67,"column":5}},"locations":[{"start":{"line":57,"column":12},"end":{"line":67,"column":5}}]},"11":{"type":"branch","line":60,"loc":{"start":{"line":60,"column":35},"end":{"line":63,"column":9}},"locations":[{"start":{"line":60,"column":35},"end":{"line":63,"column":9}}]},"12":{"type":"branch","line":63,"loc":{"start":{"line":63,"column":8},"end":{"line":66,"column":39}},"locations":[{"start":{"line":63,"column":8},"end":{"line":66,"column":39}}]},"13":{"type":"branch","line":77,"loc":{"start":{"line":77,"column":12},"end":{"line":80,"column":5}},"locations":[{"start":{"line":77,"column":12},"end":{"line":80,"column":5}}]},"14":{"type":"branch","line":82,"loc":{"start":{"line":82,"column":12},"end":{"line":94,"column":5}},"locations":[{"start":{"line":82,"column":12},"end":{"line":94,"column":5}}]},"15":{"type":"branch","line":86,"loc":{"start":{"line":86,"column":63},"end":{"line":88,"column":23}},"locations":[{"start":{"line":86,"column":63},"end":{"line":88,"column":23}}]},"16":{"type":"branch","line":88,"loc":{"start":{"line":88,"column":12},"end":{"line":91,"column":13}},"locations":[{"start":{"line":88,"column":12},"end":{"line":91,"column":13}}]},"17":{"type":"branch","line":88,"loc":{"start":{"line":88,"column":68},"end":{"line":91,"column":13}},"locations":[{"start":{"line":88,"column":68},"end":{"line":91,"column":13}}]},"18":{"type":"branch","line":96,"loc":{"start":{"line":96,"column":12},"end":{"line":108,"column":5}},"locations":[{"start":{"line":96,"column":12},"end":{"line":108,"column":5}}]},"19":{"type":"branch","line":101,"loc":{"start":{"line":101,"column":36},"end":{"line":104,"column":13}},"locations":[{"start":{"line":101,"column":36},"end":{"line":104,"column":13}}]},"20":{"type":"branch","line":110,"loc":{"start":{"line":110,"column":4},"end":{"line":336,"column":5}},"locations":[{"start":{"line":110,"column":4},"end":{"line":336,"column":5}}]},"21":{"type":"branch","line":114,"loc":{"start":{"line":114,"column":12},"end":{"line":134,"column":22}},"locations":[{"start":{"line":114,"column":12},"end":{"line":134,"column":22}}]},"22":{"type":"branch","line":116,"loc":{"start":{"line":116,"column":42},"end":{"line":118,"column":27}},"locations":[{"start":{"line":116,"column":42},"end":{"line":118,"column":27}}]},"23":{"type":"branch","line":118,"loc":{"start":{"line":118,"column":16},"end":{"line":133,"column":17}},"locations":[{"start":{"line":118,"column":16},"end":{"line":133,"column":17}}]},"24":{"type":"branch","line":118,"loc":{"start":{"line":118,"column":49},"end":{"line":122,"column":23}},"locations":[{"start":{"line":118,"column":49},"end":{"line":122,"column":23}}]},"25":{"type":"branch","line":122,"loc":{"start":{"line":122,"column":16},"end":{"line":133,"column":17}},"locations":[{"start":{"line":122,"column":16},"end":{"line":133,"column":17}}]},"26":{"type":"branch","line":124,"loc":{"start":{"line":124,"column":42},"end":{"line":126,"column":55}},"locations":[{"start":{"line":124,"column":42},"end":{"line":126,"column":55}}]},"27":{"type":"branch","line":125,"loc":{"start":{"line":125,"column":62},"end":{"line":125,"column":73}},"locations":[{"start":{"line":125,"column":62},"end":{"line":125,"column":73}}]},"28":{"type":"branch","line":126,"loc":{"start":{"line":126,"column":42},"end":{"line":127,"column":65}},"locations":[{"start":{"line":126,"column":42},"end":{"line":127,"column":65}}]},"29":{"type":"branch","line":128,"loc":{"start":{"line":128,"column":22},"end":{"line":131,"column":21}},"locations":[{"start":{"line":128,"column":22},"end":{"line":131,"column":21}}]},"30":{"type":"branch","line":133,"loc":{"start":{"line":133,"column":16},"end":{"line":134,"column":22}},"locations":[{"start":{"line":133,"column":16},"end":{"line":134,"column":22}}]},"31":{"type":"branch","line":135,"loc":{"start":{"line":135,"column":12},"end":{"line":149,"column":22}},"locations":[{"start":{"line":135,"column":12},"end":{"line":149,"column":22}}]},"32":{"type":"branch","line":137,"loc":{"start":{"line":137,"column":42},"end":{"line":139,"column":27}},"locations":[{"start":{"line":137,"column":42},"end":{"line":139,"column":27}}]},"33":{"type":"branch","line":139,"loc":{"start":{"line":139,"column":16},"end":{"line":148,"column":17}},"locations":[{"start":{"line":139,"column":16},"end":{"line":148,"column":17}}]},"34":{"type":"branch","line":150,"loc":{"start":{"line":150,"column":12},"end":{"line":156,"column":22}},"locations":[{"start":{"line":150,"column":12},"end":{"line":156,"column":22}}]},"35":{"type":"branch","line":158,"loc":{"start":{"line":158,"column":12},"end":{"line":173,"column":22}},"locations":[{"start":{"line":158,"column":12},"end":{"line":173,"column":22}}]},"36":{"type":"branch","line":160,"loc":{"start":{"line":160,"column":53},"end":{"line":163,"column":27}},"locations":[{"start":{"line":160,"column":53},"end":{"line":163,"column":27}}]},"37":{"type":"branch","line":163,"loc":{"start":{"line":163,"column":16},"end":{"line":172,"column":17}},"locations":[{"start":{"line":163,"column":16},"end":{"line":172,"column":17}}]},"38":{"type":"branch","line":163,"loc":{"start":{"line":163,"column":49},"end":{"line":165,"column":27}},"locations":[{"start":{"line":163,"column":49},"end":{"line":165,"column":27}}]},"39":{"type":"branch","line":165,"loc":{"start":{"line":165,"column":49},"end":{"line":168,"column":27}},"locations":[{"start":{"line":165,"column":49},"end":{"line":168,"column":27}}]},"40":{"type":"branch","line":168,"loc":{"start":{"line":168,"column":16},"end":{"line":172,"column":17}},"locations":[{"start":{"line":168,"column":16},"end":{"line":172,"column":17}}]},"41":{"type":"branch","line":174,"loc":{"start":{"line":174,"column":12},"end":{"line":181,"column":22}},"locations":[{"start":{"line":174,"column":12},"end":{"line":181,"column":22}}]},"42":{"type":"branch","line":182,"loc":{"start":{"line":182,"column":12},"end":{"line":203,"column":22}},"locations":[{"start":{"line":182,"column":12},"end":{"line":203,"column":22}}]},"43":{"type":"branch","line":187,"loc":{"start":{"line":187,"column":20},"end":{"line":187,"column":59}},"locations":[{"start":{"line":187,"column":20},"end":{"line":187,"column":59}}]},"44":{"type":"branch","line":187,"loc":{"start":{"line":187,"column":57},"end":{"line":193,"column":17}},"locations":[{"start":{"line":187,"column":57},"end":{"line":193,"column":17}}]},"45":{"type":"branch","line":188,"loc":{"start":{"line":188,"column":47},"end":{"line":190,"column":27}},"locations":[{"start":{"line":188,"column":47},"end":{"line":190,"column":27}}]},"46":{"type":"branch","line":190,"loc":{"start":{"line":190,"column":73},"end":{"line":193,"column":17}},"locations":[{"start":{"line":190,"column":73},"end":{"line":193,"column":17}}]},"47":{"type":"branch","line":205,"loc":{"start":{"line":205,"column":12},"end":{"line":222,"column":22}},"locations":[{"start":{"line":205,"column":12},"end":{"line":222,"column":22}}]},"48":{"type":"branch","line":208,"loc":{"start":{"line":208,"column":37},"end":{"line":209,"column":43}},"locations":[{"start":{"line":208,"column":37},"end":{"line":209,"column":43}}]},"49":{"type":"branch","line":209,"loc":{"start":{"line":209,"column":37},"end":{"line":211,"column":40}},"locations":[{"start":{"line":209,"column":37},"end":{"line":211,"column":40}}]},"50":{"type":"branch","line":212,"loc":{"start":{"line":212,"column":18},"end":{"line":215,"column":27}},"locations":[{"start":{"line":212,"column":18},"end":{"line":215,"column":27}}]},"51":{"type":"branch","line":215,"loc":{"start":{"line":215,"column":16},"end":{"line":221,"column":17}},"locations":[{"start":{"line":215,"column":16},"end":{"line":221,"column":17}}]},"52":{"type":"branch","line":215,"loc":{"start":{"line":215,"column":49},"end":{"line":217,"column":27}},"locations":[{"start":{"line":215,"column":49},"end":{"line":217,"column":27}}]},"53":{"type":"branch","line":217,"loc":{"start":{"line":217,"column":16},"end":{"line":221,"column":17}},"locations":[{"start":{"line":217,"column":16},"end":{"line":221,"column":17}}]},"54":{"type":"branch","line":217,"loc":{"start":{"line":217,"column":60},"end":{"line":221,"column":17}},"locations":[{"start":{"line":217,"column":60},"end":{"line":221,"column":17}}]},"55":{"type":"branch","line":223,"loc":{"start":{"line":223,"column":12},"end":{"line":239,"column":22}},"locations":[{"start":{"line":223,"column":12},"end":{"line":239,"column":22}}]},"56":{"type":"branch","line":225,"loc":{"start":{"line":225,"column":20},"end":{"line":225,"column":66}},"locations":[{"start":{"line":225,"column":20},"end":{"line":225,"column":66}}]},"57":{"type":"branch","line":228,"loc":{"start":{"line":228,"column":42},"end":{"line":232,"column":27}},"locations":[{"start":{"line":228,"column":42},"end":{"line":232,"column":27}}]},"58":{"type":"branch","line":232,"loc":{"start":{"line":232,"column":16},"end":{"line":238,"column":17}},"locations":[{"start":{"line":232,"column":16},"end":{"line":238,"column":17}}]},"59":{"type":"branch","line":232,"loc":{"start":{"line":232,"column":49},"end":{"line":238,"column":17}},"locations":[{"start":{"line":232,"column":49},"end":{"line":238,"column":17}}]},"60":{"type":"branch","line":240,"loc":{"start":{"line":240,"column":12},"end":{"line":254,"column":22}},"locations":[{"start":{"line":240,"column":12},"end":{"line":254,"column":22}}]},"61":{"type":"branch","line":242,"loc":{"start":{"line":242,"column":53},"end":{"line":245,"column":27}},"locations":[{"start":{"line":242,"column":53},"end":{"line":245,"column":27}}]},"62":{"type":"branch","line":245,"loc":{"start":{"line":245,"column":44},"end":{"line":245,"column":73}},"locations":[{"start":{"line":245,"column":44},"end":{"line":245,"column":73}}]},"63":{"type":"branch","line":245,"loc":{"start":{"line":245,"column":73},"end":{"line":251,"column":17}},"locations":[{"start":{"line":245,"column":73},"end":{"line":251,"column":17}}]},"64":{"type":"branch","line":255,"loc":{"start":{"line":255,"column":12},"end":{"line":266,"column":22}},"locations":[{"start":{"line":255,"column":12},"end":{"line":266,"column":22}}]},"65":{"type":"branch","line":257,"loc":{"start":{"line":257,"column":53},"end":{"line":263,"column":27}},"locations":[{"start":{"line":257,"column":53},"end":{"line":263,"column":27}}]},"66":{"type":"branch","line":258,"loc":{"start":{"line":258,"column":45},"end":{"line":260,"column":21}},"locations":[{"start":{"line":258,"column":45},"end":{"line":260,"column":21}}]},"67":{"type":"branch","line":263,"loc":{"start":{"line":263,"column":16},"end":{"line":265,"column":17}},"locations":[{"start":{"line":263,"column":16},"end":{"line":265,"column":17}}]},"68":{"type":"branch","line":263,"loc":{"start":{"line":263,"column":44},"end":{"line":263,"column":73}},"locations":[{"start":{"line":263,"column":44},"end":{"line":263,"column":73}}]},"69":{"type":"branch","line":267,"loc":{"start":{"line":267,"column":12},"end":{"line":291,"column":22}},"locations":[{"start":{"line":267,"column":12},"end":{"line":291,"column":22}}]},"70":{"type":"branch","line":269,"loc":{"start":{"line":269,"column":42},"end":{"line":275,"column":27}},"locations":[{"start":{"line":269,"column":42},"end":{"line":275,"column":27}}]},"71":{"type":"branch","line":275,"loc":{"start":{"line":275,"column":49},"end":{"line":277,"column":27}},"locations":[{"start":{"line":275,"column":49},"end":{"line":277,"column":27}}]},"72":{"type":"branch","line":293,"loc":{"start":{"line":293,"column":12},"end":{"line":306,"column":22}},"locations":[{"start":{"line":293,"column":12},"end":{"line":306,"column":22}}]},"73":{"type":"branch","line":295,"loc":{"start":{"line":295,"column":42},"end":{"line":297,"column":27}},"locations":[{"start":{"line":295,"column":42},"end":{"line":297,"column":27}}]},"74":{"type":"branch","line":297,"loc":{"start":{"line":297,"column":16},"end":{"line":305,"column":17}},"locations":[{"start":{"line":297,"column":16},"end":{"line":305,"column":17}}]},"75":{"type":"branch","line":297,"loc":{"start":{"line":297,"column":51},"end":{"line":299,"column":23}},"locations":[{"start":{"line":297,"column":51},"end":{"line":299,"column":23}}]},"76":{"type":"branch","line":300,"loc":{"start":{"line":300,"column":45},"end":{"line":302,"column":21}},"locations":[{"start":{"line":300,"column":45},"end":{"line":302,"column":21}}]},"77":{"type":"branch","line":307,"loc":{"start":{"line":307,"column":12},"end":{"line":334,"column":22}},"locations":[{"start":{"line":307,"column":12},"end":{"line":334,"column":22}}]},"78":{"type":"branch","line":309,"loc":{"start":{"line":309,"column":42},"end":{"line":332,"column":17}},"locations":[{"start":{"line":309,"column":42},"end":{"line":332,"column":17}}]},"79":{"type":"branch","line":316,"loc":{"start":{"line":316,"column":49},"end":{"line":318,"column":27}},"locations":[{"start":{"line":316,"column":49},"end":{"line":318,"column":27}}]},"80":{"type":"branch","line":333,"loc":{"start":{"line":333,"column":16},"end":{"line":334,"column":22}},"locations":[{"start":{"line":333,"column":16},"end":{"line":334,"column":22}}]}},"b":{"0":[6],"1":[504],"2":[456],"3":[486],"4":[438],"5":[48],"6":[12],"7":[36],"8":[336],"9":[1536],"10":[1494],"11":[42],"12":[1452],"13":[1488],"14":[150],"15":[24],"16":[126],"17":[18],"18":[18],"19":[6],"20":[1494],"21":[504],"22":[42],"23":[462],"24":[6],"25":[456],"26":[318],"27":[294],"28":[450],"29":[102],"30":[498],"31":[42],"32":[18],"33":[24],"34":[18],"35":[234],"36":[18],"37":[216],"38":[0],"39":[24],"40":[192],"41":[6],"42":[60],"43":[18],"44":[42],"45":[0],"46":[6],"47":[204],"48":[198],"49":[192],"50":[12],"51":[192],"52":[24],"53":[168],"54":[144],"55":[18],"56":[12],"57":[6],"58":[12],"59":[6],"60":[24],"61":[0],"62":[12],"63":[12],"64":[102],"65":[90],"66":[12],"67":[12],"68":[0],"69":[12],"70":[0],"71":[0],"72":[258],"73":[12],"74":[246],"75":[0],"76":[12],"77":[12],"78":[6],"79":[0],"80":[0]},"fnMap":{"0":{"name":"Tokenizer","decl":{"start":{"line":25,"column":4},"end":{"line":32,"column":5}},"loc":{"start":{"line":25,"column":4},"end":{"line":32,"column":5}},"line":25},"1":{"name":"isAsciiAlpha","decl":{"start":{"line":34,"column":12},"end":{"line":41,"column":5}},"loc":{"start":{"line":34,"column":12},"end":{"line":41,"column":5}},"line":34},"2":{"name":"isWhitespace","decl":{"start":{"line":43,"column":12},"end":{"line":45,"column":5}},"loc":{"start":{"line":43,"column":12},"end":{"line":45,"column":5}},"line":43},"3":{"name":"peek","decl":{"start":{"line":47,"column":12},"end":{"line":49,"column":5}},"loc":{"start":{"line":47,"column":12},"end":{"line":49,"column":5}},"line":47},"4":{"name":"next","decl":{"start":{"line":51,"column":12},"end":{"line":55,"column":5}},"loc":{"start":{"line":51,"column":12},"end":{"line":55,"column":5}},"line":51},"5":{"name":"consume","decl":{"start":{"line":57,"column":12},"end":{"line":67,"column":5}},"loc":{"start":{"line":57,"column":12},"end":{"line":67,"column":5}},"line":57},"6":{"name":"matches","decl":{"start":{"line":69,"column":12},"end":{"line":75,"column":5}},"loc":{"start":{"line":69,"column":12},"end":{"line":75,"column":5}},"line":69},"7":{"name":"switch","decl":{"start":{"line":77,"column":12},"end":{"line":80,"column":5}},"loc":{"start":{"line":77,"column":12},"end":{"line":80,"column":5}},"line":77},"8":{"name":"emitToken","decl":{"start":{"line":82,"column":12},"end":{"line":94,"column":5}},"loc":{"start":{"line":82,"column":12},"end":{"line":94,"column":5}},"line":82},"9":{"name":"emitAttribute","decl":{"start":{"line":96,"column":12},"end":{"line":108,"column":5}},"loc":{"start":{"line":96,"column":12},"end":{"line":108,"column":5}},"line":96},"10":{"name":"run","decl":{"start":{"line":110,"column":4},"end":{"line":336,"column":5}},"loc":{"start":{"line":110,"column":4},"end":{"line":336,"column":5}},"line":110}},"f":{"0":6,"1":504,"2":336,"3":1536,"4":0,"5":1494,"6":0,"7":1488,"8":150,"9":18,"10":1494}}
}
